{
  "stats": {
    "suites": 1,
    "tests": 2,
    "passes": 2,
    "pending": 0,
    "failures": 0,
    "start": "2023-08-06T06:33:07.302Z",
    "end": "2023-08-06T06:33:23.069Z",
    "duration": 15767,
    "testsRegistered": 2,
    "passPercent": 100,
    "pendingPercent": 0,
    "other": 0,
    "hasOther": false,
    "skipped": 0,
    "hasSkipped": false
  },
  "results": [
    {
      "uuid": "e0b4f665-7dd3-44ee-8436-329195bfc648",
      "title": "",
      "fullFile": "cypress/e2e/addPermissions/addPerm-la-dfeAdmin-UserEmail.spec.js",
      "file": "cypress/e2e/addPermissions/addPerm-la-dfeAdmin-UserEmail.spec.js",
      "beforeHooks": [],
      "afterHooks": [],
      "tests": [],
      "suites": [
        {
          "uuid": "c9cb4230-1c7d-4648-9c18-ed760ca81912",
          "title": "| addPerm-la-UserEmail | FHG-3387 DFE - add permissions - What is their email address?",
          "fullFile": "",
          "file": "",
          "beforeHooks": [],
          "afterHooks": [],
          "tests": [
            {
              "title": "AC 1,4 Page content ,valid email address,back button",
              "fullTitle": "| addPerm-la-UserEmail | FHG-3387 DFE - add permissions - What is their email address? AC 1,4 Page content ,valid email address,back button",
              "timedOut": null,
              "duration": 6760,
              "state": "passed",
              "speed": "medium",
              "pass": true,
              "fail": false,
              "pending": false,
              "context": "{\n  \"title\": \"cypress-mochawesome-reporter-videos-passed\",\n  \"value\": \"cypress/e2e/addPermissions/addPerm-la-dfeAdmin-UserEmail.spec.js\"\n}",
              "code": "cy.email(n + 'abcdef@def.com');\ncy.contains(\"What's their full name?\");\n// back button - takes user to email page\ncy.get('.govuk-back-link').click();\n// back button - takes user to LA page\ncy.get('.govuk-back-link').click();\ncy.laWhichLA('bristol');",
              "err": {},
              "uuid": "a16de5fb-2e82-40fe-9118-7767ea46053c",
              "parentUUID": "c9cb4230-1c7d-4648-9c18-ed760ca81912",
              "isHook": false,
              "skipped": false
            },
            {
              "title": "AC 2,3 - no data entered , incorrect /invalid email address entered - error message",
              "fullTitle": "| addPerm-la-UserEmail | FHG-3387 DFE - add permissions - What is their email address? AC 2,3 - no data entered , incorrect /invalid email address entered - error message",
              "timedOut": null,
              "duration": 8980,
              "state": "passed",
              "speed": "medium",
              "pass": true,
              "fail": false,
              "pending": false,
              "context": "{\n  \"title\": \"cypress-mochawesome-reporter-videos-passed\",\n  \"value\": \"cypress/e2e/addPermissions/addPerm-la-dfeAdmin-UserEmail.spec.js\"\n}",
              "code": "// error message when user does not enter any email address\ncy.get('.govuk-button').click();\ncy.get('.govuk-error-summary').contains('There is a problem');\ncy.get('.govuk-error-summary').contains('Enter an email address');\nconst invalidEmails = ['test@', 'test123', '@abc.com'];\nfor (let i = 0; i < invalidEmails.length; i++) {\n  // user enters invalid email address\n  cy.email(`${invalidEmails[i]}`);\n  cy.get('.govuk-error-summary').contains('There is a problem');\n  cy.get('.govuk-error-summary').contains('Enter an email address');\n  // after error message , user is able to continue with entering correct details\n  cy.email(n + 'abcdef@def.com');\n  // back button - takes user to LA page\n  cy.get('.govuk-back-link').click();\n}\n// back button - takes user to LA page\ncy.get('.govuk-back-link').click();",
              "err": {},
              "uuid": "41f6c52e-f120-4977-a1d8-e113180f8611",
              "parentUUID": "c9cb4230-1c7d-4648-9c18-ed760ca81912",
              "isHook": false,
              "skipped": false
            }
          ],
          "suites": [],
          "passes": [
            "a16de5fb-2e82-40fe-9118-7767ea46053c",
            "41f6c52e-f120-4977-a1d8-e113180f8611"
          ],
          "failures": [],
          "pending": [],
          "skipped": [],
          "duration": 15740,
          "root": false,
          "rootEmpty": false,
          "_timeout": 2000
        }
      ],
      "passes": [],
      "failures": [],
      "pending": [],
      "skipped": [],
      "duration": 0,
      "root": true,
      "rootEmpty": true,
      "_timeout": 2000
    }
  ],
  "meta": {
    "mocha": {
      "version": "7.0.1"
    },
    "mochawesome": {
      "options": {
        "quiet": false,
        "reportFilename": "mochawesome",
        "saveHtml": false,
        "saveJson": true,
        "consoleReporter": "spec",
        "useInlineDiffs": false,
        "code": true
      },
      "version": "7.1.3"
    },
    "marge": {
      "options": {
        "overwrite": false,
        "html": false,
        "json": true,
        "reportDir": "cypress/reports/html/.jsons"
      },
      "version": "6.2.0"
    }
  }
}