{
  "stats": {
    "suites": 1,
    "tests": 3,
    "passes": 3,
    "pending": 0,
    "failures": 0,
    "start": "2023-08-06T06:38:14.204Z",
    "end": "2023-08-06T06:38:21.781Z",
    "duration": 7577,
    "testsRegistered": 3,
    "passPercent": 100,
    "pendingPercent": 0,
    "other": 0,
    "hasOther": false,
    "skipped": 0,
    "hasSkipped": false
  },
  "results": [
    {
      "uuid": "bf536f02-9414-4e6e-b938-54ac8a5a8967",
      "title": "",
      "fullFile": "cypress/e2e/addPermissions/addPerm-vcs-dfeAdmin-typeOfUserVCS.spec.js",
      "file": "cypress/e2e/addPermissions/addPerm-vcs-dfeAdmin-typeOfUserVCS.spec.js",
      "beforeHooks": [],
      "afterHooks": [],
      "tests": [],
      "suites": [
        {
          "uuid": "f1ded026-27f1-4036-be20-165d5917699a",
          "title": "| addPerm-vcs-typeOfUserVCS | FHG-3412 DFE - What do they need to do? page",
          "fullFile": "",
          "file": "",
          "beforeHooks": [],
          "afterHooks": [],
          "tests": [
            {
              "title": "AC 1,2,6 - validate content ,VCS- Add and manage services, family hubs and accounts - option, back button",
              "fullTitle": "| addPerm-vcs-typeOfUserVCS | FHG-3412 DFE - What do they need to do? page AC 1,2,6 - validate content ,VCS- Add and manage services, family hubs and accounts - option, back button",
              "timedOut": null,
              "duration": 2673,
              "state": "passed",
              "speed": "fast",
              "pass": true,
              "fail": false,
              "pending": false,
              "context": "{\n  \"title\": \"cypress-mochawesome-reporter-videos-passed\",\n  \"value\": \"cypress/e2e/addPermissions/addPerm-vcs-dfeAdmin-typeOfUserVCS.spec.js\"\n}",
              "code": "// What do they need to do? page \ncy.typeOfUserVCS('1');\n// whichVCSpage\ncy.pageHeadings().contains('Which local authority area do they work in?');\n// back link\ncy.get('.govuk-back-link').click();\ncy.contains('What do they need to do?');\n// previous page selection is retained \ncy.get('[data-testid=\"VcsManager\"]').should('be.checked');",
              "err": {},
              "uuid": "564661cc-6513-48cb-8d41-63973b961b82",
              "parentUUID": "f1ded026-27f1-4036-be20-165d5917699a",
              "isHook": false,
              "skipped": false
            },
            {
              "title": "AC 3 - VCS -  View and respond to connection requests - option",
              "fullTitle": "| addPerm-vcs-typeOfUserVCS | FHG-3412 DFE - What do they need to do? page AC 3 - VCS -  View and respond to connection requests - option",
              "timedOut": null,
              "duration": 2245,
              "state": "passed",
              "speed": "fast",
              "pass": true,
              "fail": false,
              "pending": false,
              "context": "{\n  \"title\": \"cypress-mochawesome-reporter-videos-passed\",\n  \"value\": \"cypress/e2e/addPermissions/addPerm-vcs-dfeAdmin-typeOfUserVCS.spec.js\"\n}",
              "code": "// What do they need to do? page \ncy.typeOfUserVCS('2');\n// whichVCSpage\ncy.pageHeadings().contains('Which local authority area do they work in?');\n// back link\ncy.get('.govuk-back-link').click();\ncy.contains('What do they need to do?');\n// previous page selection is retained \ncy.get('#VcsProfessional').should('be.checked');",
              "err": {},
              "uuid": "d74e86b9-5218-41f7-bb1c-a6d52e551a6c",
              "parentUUID": "f1ded026-27f1-4036-be20-165d5917699a",
              "isHook": false,
              "skipped": false
            },
            {
              "title": "AC 4,5 - VCS - no selection, error message, select both to continue",
              "fullTitle": "| addPerm-vcs-typeOfUserVCS | FHG-3412 DFE - What do they need to do? page AC 4,5 - VCS - no selection, error message, select both to continue",
              "timedOut": null,
              "duration": 2622,
              "state": "passed",
              "speed": "fast",
              "pass": true,
              "fail": false,
              "pending": false,
              "context": "{\n  \"title\": \"cypress-mochawesome-reporter-videos-passed\",\n  \"value\": \"cypress/e2e/addPermissions/addPerm-vcs-dfeAdmin-typeOfUserVCS.spec.js\"\n}",
              "code": "// error message when user does not select one of the options\ncy.get('.govuk-button').click();\ncy.get('.govuk-error-summary').contains('There is a problem');\ncy.get('.govuk-error-summary').contains('Select what they need to do');\n// What do they need to do? page \ncy.typeOfUserVCS('both');\n// which LA page\ncy.pageHeadings().contains('Which local authority area do they work in?');\n// back link\ncy.get('.govuk-back-link').click();\ncy.contains('What do they need to do?');\n// previous page selection is retained \ncy.get('#VcsProfessional').should('be.checked');\ncy.get('[data-testid=\"VcsManager\"]').should('be.checked');",
              "err": {},
              "uuid": "4e18e179-8e8c-4d12-9bff-713c64ddadec",
              "parentUUID": "f1ded026-27f1-4036-be20-165d5917699a",
              "isHook": false,
              "skipped": false
            }
          ],
          "suites": [],
          "passes": [
            "564661cc-6513-48cb-8d41-63973b961b82",
            "d74e86b9-5218-41f7-bb1c-a6d52e551a6c",
            "4e18e179-8e8c-4d12-9bff-713c64ddadec"
          ],
          "failures": [],
          "pending": [],
          "skipped": [],
          "duration": 7540,
          "root": false,
          "rootEmpty": false,
          "_timeout": 2000
        }
      ],
      "passes": [],
      "failures": [],
      "pending": [],
      "skipped": [],
      "duration": 0,
      "root": true,
      "rootEmpty": true,
      "_timeout": 2000
    }
  ],
  "meta": {
    "mocha": {
      "version": "7.0.1"
    },
    "mochawesome": {
      "options": {
        "quiet": false,
        "reportFilename": "mochawesome",
        "saveHtml": false,
        "saveJson": true,
        "consoleReporter": "spec",
        "useInlineDiffs": false,
        "code": true
      },
      "version": "7.1.3"
    },
    "marge": {
      "options": {
        "overwrite": false,
        "html": false,
        "json": true,
        "reportDir": "cypress/reports/html/.jsons"
      },
      "version": "6.2.0"
    }
  }
}