{
  "stats": {
    "suites": 1,
    "tests": 10,
    "passes": 10,
    "pending": 0,
    "failures": 0,
    "start": "2023-08-06T06:41:18.601Z",
    "end": "2023-08-06T06:41:57.308Z",
    "duration": 38707,
    "testsRegistered": 10,
    "passPercent": 100,
    "pendingPercent": 0,
    "other": 0,
    "hasOther": false,
    "skipped": 0,
    "hasSkipped": false
  },
  "results": [
    {
      "uuid": "bd8e991d-84f3-461d-8fac-7d6f19ad449e",
      "title": "",
      "fullFile": "cypress/e2e/managePermissions/manPerm-dfeAdmin-managePermissionsPage.spec.js",
      "file": "cypress/e2e/managePermissions/manPerm-dfeAdmin-managePermissionsPage.spec.js",
      "beforeHooks": [],
      "afterHooks": [],
      "tests": [],
      "suites": [
        {
          "uuid": "b5bbe8a0-191a-40e3-869e-6d1308fd66f0",
          "title": "| manPerm-managePermissionsPage.spec | FHG-1617 Manage permissions ( Manage User Permissions) Page ",
          "fullFile": "",
          "file": "",
          "beforeHooks": [],
          "afterHooks": [],
          "tests": [
            {
              "title": "AC 1 , 4 - page content , back link ",
              "fullTitle": "| manPerm-managePermissionsPage.spec | FHG-1617 Manage permissions ( Manage User Permissions) Page  AC 1 , 4 - page content , back link ",
              "timedOut": null,
              "duration": 3632,
              "state": "passed",
              "speed": "fast",
              "pass": true,
              "fail": false,
              "pending": false,
              "context": "{\n  \"title\": \"cypress-mochawesome-reporter-videos-passed\",\n  \"value\": \"cypress/e2e/managePermissions/manPerm-dfeAdmin-managePermissionsPage.spec.js\"\n}",
              "code": "cy.visit('/');\ncy.dfeAdminWelcomePage();\n//manage permissions link \ncy.managePermissionsLink();\ncy.managePermissionsPage();\n// back link\ncy.get('.govuk-back-link').click();\ncy.dfeAdminWelcomePage();",
              "err": {},
              "uuid": "6f23252a-2a09-4946-855a-532917dd600b",
              "parentUUID": "b5bbe8a0-191a-40e3-869e-6d1308fd66f0",
              "isHook": false,
              "skipped": false
            },
            {
              "title": "AC 2 - edit permissions link ",
              "fullTitle": "| manPerm-managePermissionsPage.spec | FHG-1617 Manage permissions ( Manage User Permissions) Page  AC 2 - edit permissions link ",
              "timedOut": null,
              "duration": 1996,
              "state": "passed",
              "speed": "fast",
              "pass": true,
              "fail": false,
              "pending": false,
              "context": "{\n  \"title\": \"cypress-mochawesome-reporter-videos-passed\",\n  \"value\": \"cypress/e2e/managePermissions/manPerm-dfeAdmin-managePermissionsPage.spec.js\"\n}",
              "code": "cy.visit('/');\ncy.dfeAdminWelcomePage();\n//manage permissions link\ncy.managePermissionsLink();\ncy.managePermissionsPage();\n// delete permissions link\ncy.editPermissionsLink();",
              "err": {},
              "uuid": "e56111da-7096-44dc-a61d-ba85d39d6218",
              "parentUUID": "b5bbe8a0-191a-40e3-869e-6d1308fd66f0",
              "isHook": false,
              "skipped": false
            },
            {
              "title": "AC 3 - delete permissions link ",
              "fullTitle": "| manPerm-managePermissionsPage.spec | FHG-1617 Manage permissions ( Manage User Permissions) Page  AC 3 - delete permissions link ",
              "timedOut": null,
              "duration": 1754,
              "state": "passed",
              "speed": "fast",
              "pass": true,
              "fail": false,
              "pending": false,
              "context": "{\n  \"title\": \"cypress-mochawesome-reporter-videos-passed\",\n  \"value\": \"cypress/e2e/managePermissions/manPerm-dfeAdmin-managePermissionsPage.spec.js\"\n}",
              "code": "cy.visit('/');\ncy.dfeAdminWelcomePage();\n//manage permissions link\ncy.managePermissionsLink();\ncy.managePermissionsPage();\n// delete permissions link\ncy.deletePermissionsLink();",
              "err": {},
              "uuid": "52a2f360-a28c-47cb-946c-f97e05eaf5ad",
              "parentUUID": "b5bbe8a0-191a-40e3-869e-6d1308fd66f0",
              "isHook": false,
              "skipped": false
            },
            {
              "title": "AC 5 - Type of user filters - Both LA and VCS ",
              "fullTitle": "| manPerm-managePermissionsPage.spec | FHG-1617 Manage permissions ( Manage User Permissions) Page  AC 5 - Type of user filters - Both LA and VCS ",
              "timedOut": null,
              "duration": 4113,
              "state": "passed",
              "speed": "fast",
              "pass": true,
              "fail": false,
              "pending": false,
              "context": "{\n  \"title\": \"cypress-mochawesome-reporter-videos-passed\",\n  \"value\": \"cypress/e2e/managePermissions/manPerm-dfeAdmin-managePermissionsPage.spec.js\"\n}",
              "code": "cy.visit('/');\ncy.dfeAdminWelcomePage();\n//manage permissions link\ncy.managePermissionsLink();\ncy.managePermissionsPage();\ncy.clearFilters();\n// apply LA filter \ncy.typeOfUserFilter('la');\ncy.contains('Redbridge');\ncy.clearFilters();\n// apply VCS filter\ncy.contains('Cranbrook');\ncy.clearFilters();\n//apply both filters \ncy.typeOfUserFilter('both');\n// add validations\n// first page has VCS \ncy.contains('Cranbrook');\n// last page has LA \ncy.get(':nth-child(4) > .govuk-pagination__link').click();\ncy.contains('Redbridge');",
              "err": {},
              "uuid": "0285ce16-a8e5-482e-a408-42b3f357693f",
              "parentUUID": "b5bbe8a0-191a-40e3-869e-6d1308fd66f0",
              "isHook": false,
              "skipped": false
            },
            {
              "title": "AC 6 - Name , Email , Organisation filter",
              "fullTitle": "| manPerm-managePermissionsPage.spec | FHG-1617 Manage permissions ( Manage User Permissions) Page  AC 6 - Name , Email , Organisation filter",
              "timedOut": null,
              "duration": 11960,
              "state": "passed",
              "speed": "slow",
              "pass": true,
              "fail": false,
              "pending": false,
              "context": "{\n  \"title\": \"cypress-mochawesome-reporter-videos-passed\",\n  \"value\": \"cypress/e2e/managePermissions/manPerm-dfeAdmin-managePermissionsPage.spec.js\"\n}",
              "code": "cy.visit('/');\ncy.dfeAdminWelcomePage();\n//manage permissions link\ncy.managePermissionsLink();\ncy.managePermissionsPage();\ncy.clearFilters();\n// name filter \ncy.nameFilter('1688045232974John Smith');\ncy.get('form > .govuk-grid-row > .govuk-grid-column-two-thirds').contains('1688045232974John Smith');\ncy.clearFilters();\n// email filter \ncy.emailFilter('1688539487973++abcdef@def.co.uk');\ncy.get('form > .govuk-grid-row > .govuk-grid-column-two-thirds').contains('1688539487973++abcdef@def.co.uk');\ncy.clearFilters();\n// organisation filter\ncy.organisationFilter('Cranbrook Baptist Church');\ncy.get('form > .govuk-grid-row > .govuk-grid-column-two-thirds').contains('Cranbrook Baptist Church');\ncy.clearFilters();\n// \ncy.organisationFilter('Suffolk County Council');\ncy.get('form > .govuk-grid-row > .govuk-grid-column-two-thirds').contains('Suffolk County Council');\ncy.clearFilters();",
              "err": {},
              "uuid": "d19f16bb-33c8-48b5-8316-dc111e14d525",
              "parentUUID": "b5bbe8a0-191a-40e3-869e-6d1308fd66f0",
              "isHook": false,
              "skipped": false
            },
            {
              "title": "AC 8 , 9 - no result found  + Clear filter",
              "fullTitle": "| manPerm-managePermissionsPage.spec | FHG-1617 Manage permissions ( Manage User Permissions) Page  AC 8 , 9 - no result found  + Clear filter",
              "timedOut": null,
              "duration": 4572,
              "state": "passed",
              "speed": "fast",
              "pass": true,
              "fail": false,
              "pending": false,
              "context": "{\n  \"title\": \"cypress-mochawesome-reporter-videos-passed\",\n  \"value\": \"cypress/e2e/managePermissions/manPerm-dfeAdmin-managePermissionsPage.spec.js\"\n}",
              "code": "cy.visit('/');\ncy.dfeAdminWelcomePage();\n//manage permissions link\ncy.managePermissionsLink();\ncy.managePermissionsPage();\ncy.get('form > .govuk-grid-row > .govuk-grid-column-two-thirds').should('not.be.empty');\ncy.clearFilters();\n// name filter \ncy.nameFilter('James Bond');\ncy.contains('No results found');\ncy.contains('Try again by changing or removing filters you applied.');\n// clear filters \ncy.clearFilters();\ncy.get('form > .govuk-grid-row > .govuk-grid-column-two-thirds').should('not.be.empty');",
              "err": {},
              "uuid": "1b6c4051-71e2-4572-b03a-5d6f9a2ebddf",
              "parentUUID": "b5bbe8a0-191a-40e3-869e-6d1308fd66f0",
              "isHook": false,
              "skipped": false
            },
            {
              "title": "AC 11 , 12 Pagination",
              "fullTitle": "| manPerm-managePermissionsPage.spec | FHG-1617 Manage permissions ( Manage User Permissions) Page  AC 11 , 12 Pagination",
              "timedOut": null,
              "duration": 4253,
              "state": "passed",
              "speed": "fast",
              "pass": true,
              "fail": false,
              "pending": false,
              "context": "{\n  \"title\": \"cypress-mochawesome-reporter-videos-passed\",\n  \"value\": \"cypress/e2e/managePermissions/manPerm-dfeAdmin-managePermissionsPage.spec.js\"\n}",
              "code": "cy.visit('/');\ncy.dfeAdminWelcomePage();\n//manage permissions link\ncy.managePermissionsLink();\ncy.managePermissionsPage();\ncy.get('form > .govuk-grid-row > .govuk-grid-column-two-thirds').should('not.be.empty');\n// first page\ncy.get('.govuk-pagination__item--current > .govuk-pagination__link').click();\ncy.url().should('include', 'pageNumber=1');\n// second page\ncy.get('.govuk-pagination__list > :nth-child(2) > .govuk-pagination__link').click();\ncy.url().should('include', 'pageNumber=2');\n// next page \ncy.get('.govuk-pagination__next > .govuk-pagination__link').click();\ncy.url().should('include', 'pageNumber=3');\n// last page \ncy.get(':nth-child(6) > .govuk-pagination__link').click();\ncy.get('.govuk-pagination__next > .govuk-pagination__link').should('not.exist');",
              "err": {},
              "uuid": "d49212ca-03ae-4b2f-b20c-eb6bf90b20e1",
              "parentUUID": "b5bbe8a0-191a-40e3-869e-6d1308fd66f0",
              "isHook": false,
              "skipped": false
            },
            {
              "title": " Name - sort by Organisation name",
              "fullTitle": "| manPerm-managePermissionsPage.spec | FHG-1617 Manage permissions ( Manage User Permissions) Page   Name - sort by Organisation name",
              "timedOut": null,
              "duration": 2085,
              "state": "passed",
              "speed": "fast",
              "pass": true,
              "fail": false,
              "pending": false,
              "context": "{\n  \"title\": \"cypress-mochawesome-reporter-videos-passed\",\n  \"value\": \"cypress/e2e/managePermissions/manPerm-dfeAdmin-managePermissionsPage.spec.js\"\n}",
              "code": "cy.visit('/');\ncy.dfeAdminWelcomePage();\n//manage permissions link\ncy.managePermissionsLink();\ncy.managePermissionsPage();\n//check initial sort order on contact name\ncy.checkSortOrder(0, 'none');\n//click on Organisation name heading link\ncy.get('form > .govuk-grid-row > .govuk-grid-column-two-thirds').contains('Name').click();\n//check sort order on contact name\ncy.checkSortOrder(0, 'ascending');\n//click on Organisation name heading link\ncy.get('form > .govuk-grid-row > .govuk-grid-column-two-thirds').contains('Name').click();\n//check sort order on contact name\ncy.checkSortOrder(0, 'descending');",
              "err": {},
              "uuid": "6f2278bd-3cad-4e37-9d00-13a7d0c8baa5",
              "parentUUID": "b5bbe8a0-191a-40e3-869e-6d1308fd66f0",
              "isHook": false,
              "skipped": false
            },
            {
              "title": "Email address , sort by Email address",
              "fullTitle": "| manPerm-managePermissionsPage.spec | FHG-1617 Manage permissions ( Manage User Permissions) Page  Email address , sort by Email address",
              "timedOut": null,
              "duration": 1937,
              "state": "passed",
              "speed": "fast",
              "pass": true,
              "fail": false,
              "pending": false,
              "context": "{\n  \"title\": \"cypress-mochawesome-reporter-videos-passed\",\n  \"value\": \"cypress/e2e/managePermissions/manPerm-dfeAdmin-managePermissionsPage.spec.js\"\n}",
              "code": "cy.visit('/');\ncy.dfeAdminWelcomePage();\n//manage permissions link\ncy.managePermissionsLink();\ncy.managePermissionsPage();\n//check initial sort order on contact name\ncy.checkSortOrder(1, 'none');\n//click on Organisation name heading link\ncy.get('form > .govuk-grid-row > .govuk-grid-column-two-thirds').contains('Email address').click();\n//check sort order on contact name\ncy.checkSortOrder(1, 'ascending');\n//click on Organisation name heading link\ncy.get('form > .govuk-grid-row > .govuk-grid-column-two-thirds').contains('Email address').click();\n//check sort order on contact name\ncy.checkSortOrder(1, 'descending');",
              "err": {},
              "uuid": "ca5f5821-5030-4ecb-92bf-0a5be2932b80",
              "parentUUID": "b5bbe8a0-191a-40e3-869e-6d1308fd66f0",
              "isHook": false,
              "skipped": false
            },
            {
              "title": "Works for , sort by Works for",
              "fullTitle": "| manPerm-managePermissionsPage.spec | FHG-1617 Manage permissions ( Manage User Permissions) Page  Works for , sort by Works for",
              "timedOut": null,
              "duration": 2208,
              "state": "passed",
              "speed": "fast",
              "pass": true,
              "fail": false,
              "pending": false,
              "context": "{\n  \"title\": \"cypress-mochawesome-reporter-videos-passed\",\n  \"value\": \"cypress/e2e/managePermissions/manPerm-dfeAdmin-managePermissionsPage.spec.js\"\n}",
              "code": "cy.visit('/');\ncy.dfeAdminWelcomePage();\n//manage permissions link\ncy.managePermissionsLink();\ncy.managePermissionsPage();\n//check initial sort order on contact name\ncy.checkSortOrder(2, 'none');\n//click on Organisation name heading link\ncy.get('form > .govuk-grid-row > .govuk-grid-column-two-thirds').contains('Works for').click();\n//check sort order on contact name\ncy.checkSortOrder(2, 'ascending');\n//click on Organisation name heading link\ncy.get('form > .govuk-grid-row > .govuk-grid-column-two-thirds').contains('Works for').click();\n//check sort order on contact name\ncy.checkSortOrder(2, 'descending');",
              "err": {},
              "uuid": "9fe26d10-4e03-4cc5-963c-d0469fbc335a",
              "parentUUID": "b5bbe8a0-191a-40e3-869e-6d1308fd66f0",
              "isHook": false,
              "skipped": false
            }
          ],
          "suites": [],
          "passes": [
            "6f23252a-2a09-4946-855a-532917dd600b",
            "e56111da-7096-44dc-a61d-ba85d39d6218",
            "52a2f360-a28c-47cb-946c-f97e05eaf5ad",
            "0285ce16-a8e5-482e-a408-42b3f357693f",
            "d19f16bb-33c8-48b5-8316-dc111e14d525",
            "1b6c4051-71e2-4572-b03a-5d6f9a2ebddf",
            "d49212ca-03ae-4b2f-b20c-eb6bf90b20e1",
            "6f2278bd-3cad-4e37-9d00-13a7d0c8baa5",
            "ca5f5821-5030-4ecb-92bf-0a5be2932b80",
            "9fe26d10-4e03-4cc5-963c-d0469fbc335a"
          ],
          "failures": [],
          "pending": [],
          "skipped": [],
          "duration": 38510,
          "root": false,
          "rootEmpty": false,
          "_timeout": 2000
        }
      ],
      "passes": [],
      "failures": [],
      "pending": [],
      "skipped": [],
      "duration": 0,
      "root": true,
      "rootEmpty": true,
      "_timeout": 2000
    }
  ],
  "meta": {
    "mocha": {
      "version": "7.0.1"
    },
    "mochawesome": {
      "options": {
        "quiet": false,
        "reportFilename": "mochawesome",
        "saveHtml": false,
        "saveJson": true,
        "consoleReporter": "spec",
        "useInlineDiffs": false,
        "code": true
      },
      "version": "7.1.3"
    },
    "marge": {
      "options": {
        "overwrite": false,
        "html": false,
        "json": true,
        "reportDir": "cypress/reports/html/.jsons"
      },
      "version": "6.2.0"
    }
  }
}