{
  "stats": {
    "suites": 1,
    "tests": 2,
    "passes": 2,
    "pending": 0,
    "failures": 0,
    "start": "2023-08-06T06:36:14.530Z",
    "end": "2023-08-06T06:36:36.108Z",
    "duration": 21578,
    "testsRegistered": 2,
    "passPercent": 100,
    "pendingPercent": 0,
    "other": 0,
    "hasOther": false,
    "skipped": 0,
    "hasSkipped": false
  },
  "results": [
    {
      "uuid": "e57fd945-5d95-4c8b-855c-f23f586f09c4",
      "title": "",
      "fullFile": "cypress/e2e/addPermissions/addPerm-vcs-dfeAdmin-UserName.spec.js",
      "file": "cypress/e2e/addPermissions/addPerm-vcs-dfeAdmin-UserName.spec.js",
      "beforeHooks": [],
      "afterHooks": [],
      "tests": [],
      "suites": [
        {
          "uuid": "25fba2f9-fe15-45a5-9e8e-a83a5714d757",
          "title": "| addPerm-vcs-UserName | FHG-3578 DFE - add permissions - What's their full name?",
          "fullFile": "",
          "file": "",
          "beforeHooks": [],
          "afterHooks": [],
          "tests": [
            {
              "title": "AC 1, 3 - validate page content , back link ",
              "fullTitle": "| addPerm-vcs-UserName | FHG-3578 DFE - add permissions - What's their full name? AC 1, 3 - validate page content , back link ",
              "timedOut": null,
              "duration": 15126,
              "state": "passed",
              "speed": "slow",
              "pass": true,
              "fail": false,
              "pending": false,
              "context": "{\n  \"title\": \"cypress-mochawesome-reporter-videos-passed\",\n  \"value\": \"cypress/e2e/addPermissions/addPerm-vcs-dfeAdmin-UserName.spec.js\"\n}",
              "code": "cy.fullName('John Smith');\ncy.contains('Check account details');\n// back button - takes user to user name page\ncy.get('.govuk-back-link').click();\n// back button - takes user to email page\ncy.get('.govuk-back-link').click();\ncy.email('abc@def.com');\n// entering more than 256 characters\nconst longName = ['AAAAAAAAAAAAAAAAAAAAAAAAAAAAAAAAAAAAAAAAAAAAAAAAAAAAAAAAAAAAAAAAAAAAAAAAAAAAAAAAAAAAAAAAAAAAAAAAAAAAAAAAAAAAAAAAAAAAAAAAAAAAAAAAAAAAAAAAAAAAAAAAAAAAAAAAAAAAAAAAAAAAAAAAAAAAAAAAAAAAAAAAAAAAAAAAAAAAAAAAAAAAAAAAAAAAAAAAAAAAAAAAAAAAAAAAAAAAAAAAAAAAAAAAAAAAAAA'];\ncy.fullName(`${longName}`);\ncy.contains(`${longName}`);",
              "err": {},
              "uuid": "af1d4ef2-5d4f-4777-90f1-cf759f047bcf",
              "parentUUID": "25fba2f9-fe15-45a5-9e8e-a83a5714d757",
              "isHook": false,
              "skipped": false
            },
            {
              "title": "AC 2 - no name entered - error message",
              "fullTitle": "| addPerm-vcs-UserName | FHG-3578 DFE - add permissions - What's their full name? AC 2 - no name entered - error message",
              "timedOut": null,
              "duration": 6381,
              "state": "passed",
              "speed": "medium",
              "pass": true,
              "fail": false,
              "pending": false,
              "context": "{\n  \"title\": \"cypress-mochawesome-reporter-videos-passed\",\n  \"value\": \"cypress/e2e/addPermissions/addPerm-vcs-dfeAdmin-UserName.spec.js\"\n}",
              "code": "cy.get('.govuk-button').click();\ncy.get('.govuk-error-summary').contains('There is a problem');\ncy.get('.govuk-error-summary').contains('Enter a name');\n// user is able to enter valid name after error message \ncy.fullName('John Smith');",
              "err": {},
              "uuid": "c892bda3-8b9c-4b1d-9202-2b6202b93b4f",
              "parentUUID": "25fba2f9-fe15-45a5-9e8e-a83a5714d757",
              "isHook": false,
              "skipped": false
            }
          ],
          "suites": [],
          "passes": [
            "af1d4ef2-5d4f-4777-90f1-cf759f047bcf",
            "c892bda3-8b9c-4b1d-9202-2b6202b93b4f"
          ],
          "failures": [],
          "pending": [],
          "skipped": [],
          "duration": 21507,
          "root": false,
          "rootEmpty": false,
          "_timeout": 2000
        }
      ],
      "passes": [],
      "failures": [],
      "pending": [],
      "skipped": [],
      "duration": 0,
      "root": true,
      "rootEmpty": true,
      "_timeout": 2000
    }
  ],
  "meta": {
    "mocha": {
      "version": "7.0.1"
    },
    "mochawesome": {
      "options": {
        "quiet": false,
        "reportFilename": "mochawesome",
        "saveHtml": false,
        "saveJson": true,
        "consoleReporter": "spec",
        "useInlineDiffs": false,
        "code": true
      },
      "version": "7.1.3"
    },
    "marge": {
      "options": {
        "overwrite": false,
        "html": false,
        "json": true,
        "reportDir": "cypress/reports/html/.jsons"
      },
      "version": "6.2.0"
    }
  }
}