{
  "stats": {
    "suites": 1,
    "tests": 1,
    "passes": 1,
    "pending": 0,
    "failures": 0,
    "start": "2023-08-06T06:30:57.436Z",
    "end": "2023-08-06T06:31:19.125Z",
    "duration": 21689,
    "testsRegistered": 1,
    "passPercent": 100,
    "pendingPercent": 0,
    "other": 0,
    "hasOther": false,
    "skipped": 0,
    "hasSkipped": false
  },
  "results": [
    {
      "uuid": "a474787e-3058-43ee-a3d1-c53bc2695e7b",
      "title": "",
      "fullFile": "cypress/e2e/001test.spec.js",
      "file": "cypress/e2e/001test.spec.js",
      "beforeHooks": [],
      "afterHooks": [],
      "tests": [],
      "suites": [
        {
          "uuid": "a37cba21-01d4-4c36-90b8-2f2de4765e14",
          "title": "Login - Integration + One login",
          "fullFile": "",
          "file": "",
          "beforeHooks": [],
          "afterHooks": [],
          "tests": [
            {
              "title": "test ",
              "fullTitle": "Login - Integration + One login test ",
              "timedOut": null,
              "duration": 18412,
              "state": "passed",
              "speed": "slow",
              "pass": true,
              "fail": false,
              "pending": false,
              "context": "{\n  \"title\": \"cypress-mochawesome-reporter-videos-passed\",\n  \"value\": \"cypress/e2e/001test.spec.js\"\n}",
              "code": "cy.visit('/');\ncy.dfeAdminWelcomePage();\ncy.addPermissions();",
              "err": {},
              "uuid": "f49c58fb-9f7f-4a1d-869c-180295dce472",
              "parentUUID": "a37cba21-01d4-4c36-90b8-2f2de4765e14",
              "isHook": false,
              "skipped": false
            }
          ],
          "suites": [],
          "passes": [
            "f49c58fb-9f7f-4a1d-869c-180295dce472"
          ],
          "failures": [],
          "pending": [],
          "skipped": [],
          "duration": 18412,
          "root": false,
          "rootEmpty": false,
          "_timeout": 2000
        }
      ],
      "passes": [],
      "failures": [],
      "pending": [],
      "skipped": [],
      "duration": 0,
      "root": true,
      "rootEmpty": true,
      "_timeout": 2000
    }
  ],
  "meta": {
    "mocha": {
      "version": "7.0.1"
    },
    "mochawesome": {
      "options": {
        "quiet": false,
        "reportFilename": "mochawesome",
        "saveHtml": false,
        "saveJson": true,
        "consoleReporter": "spec",
        "useInlineDiffs": false,
        "code": true
      },
      "version": "7.1.3"
    },
    "marge": {
      "options": {
        "overwrite": false,
        "html": false,
        "json": true,
        "reportDir": "cypress/reports/html/.jsons"
      },
      "version": "6.2.0"
    }
  }
}