{
  "stats": {
    "suites": 1,
    "tests": 1,
    "passes": 0,
    "pending": 1,
    "failures": 0,
    "start": "2023-08-06T06:41:07.220Z",
    "end": "2023-08-06T06:41:07.246Z",
    "duration": 26,
    "testsRegistered": 1,
    "passPercent": null,
    "pendingPercent": 100,
    "other": 0,
    "hasOther": false,
    "skipped": 0,
    "hasSkipped": false
  },
  "results": [
    {
      "uuid": "b171b04b-e289-4caa-8ace-1f3d703d8a4c",
      "title": "",
      "fullFile": "cypress/e2e/manageAccount/errorPages.spec.js",
      "file": "cypress/e2e/manageAccount/errorPages.spec.js",
      "beforeHooks": [],
      "afterHooks": [],
      "tests": [],
      "suites": [
        {
          "uuid": "cda69d0f-89e1-4ce3-84c9-4e7ce9931480",
          "title": "| errorPages | - all error pages 404,500 ",
          "fullFile": "",
          "file": "",
          "beforeHooks": [],
          "afterHooks": [],
          "tests": [
            {
              "title": "error pages - 400 , 500 ,404",
              "fullTitle": "| errorPages | - all error pages 404,500  error pages - 400 , 500 ,404",
              "timedOut": null,
              "duration": 0,
              "state": "pending",
              "speed": null,
              "pass": false,
              "fail": false,
              "pending": true,
              "context": "{\n  \"title\": \"cypress-mochawesome-reporter-videos-pending\",\n  \"value\": \"cypress/e2e/manageAccount/errorPages.spec.js\"\n}",
              "code": "const pages = ['400', '500', '404'];\nfor (let i = 0; i < pages.length; i++) {\n  cy.visit('/');\n  cy.get('.govuk-header__link').contains('Sign out').click();\n  cy.visit(`/${pages[i]}`, {\n    failOnStatusCode: false\n  });\n  cy.contains('Page not found');\n  cy.contains('If you typed the web address, check it is correct.');\n  cy.contains('If you pasted the web address, check you copied the entire address.');\n  cy.contains('If the problem continues, email us at find-support-for-your-family.service@education.gov.uk');\n}",
              "err": {},
              "uuid": "ba210f49-4192-4dca-8403-895e4f2118da",
              "parentUUID": "cda69d0f-89e1-4ce3-84c9-4e7ce9931480",
              "isHook": false,
              "skipped": false
            }
          ],
          "suites": [],
          "passes": [],
          "failures": [],
          "pending": [
            "ba210f49-4192-4dca-8403-895e4f2118da"
          ],
          "skipped": [],
          "duration": 0,
          "root": false,
          "rootEmpty": false,
          "_timeout": 2000
        }
      ],
      "passes": [],
      "failures": [],
      "pending": [],
      "skipped": [],
      "duration": 0,
      "root": true,
      "rootEmpty": true,
      "_timeout": 2000
    }
  ],
  "meta": {
    "mocha": {
      "version": "7.0.1"
    },
    "mochawesome": {
      "options": {
        "quiet": false,
        "reportFilename": "mochawesome",
        "saveHtml": false,
        "saveJson": true,
        "consoleReporter": "spec",
        "useInlineDiffs": false,
        "code": true
      },
      "version": "7.1.3"
    },
    "marge": {
      "options": {
        "overwrite": false,
        "html": false,
        "json": true,
        "reportDir": "cypress/reports/html/.jsons"
      },
      "version": "6.2.0"
    }
  }
}