{
  "stats": {
    "suites": 1,
    "tests": 2,
    "passes": 0,
    "pending": 0,
    "failures": 2,
    "start": "2023-08-06T06:31:25.334Z",
    "end": "2023-08-06T06:31:57.120Z",
    "duration": 31786,
    "testsRegistered": 2,
    "passPercent": 0,
    "pendingPercent": 0,
    "other": 0,
    "hasOther": false,
    "skipped": 0,
    "hasSkipped": false
  },
  "results": [
    {
      "uuid": "5b6138e4-da03-41ef-9f09-35d5c28e655e",
      "title": "",
      "fullFile": "cypress/e2e/addPermissions/addPerm-LAMan-homepage.spec.js",
      "file": "cypress/e2e/addPermissions/addPerm-LAMan-homepage.spec.js",
      "beforeHooks": [],
      "afterHooks": [],
      "tests": [],
      "suites": [
        {
          "uuid": "59932bd4-a654-468d-9d88-15c1f40ada88",
          "title": "| addPerm-LAMan-homepage | FHG-1699 LA manager - Home page",
          "fullFile": "",
          "file": "",
          "beforeHooks": [],
          "afterHooks": [],
          "tests": [
            {
              "title": "AC 1,11 - LA Manager logged in homepage validate content",
              "fullTitle": "| addPerm-LAMan-homepage | FHG-1699 LA manager - Home page AC 1,11 - LA Manager logged in homepage validate content",
              "timedOut": null,
              "duration": 16036,
              "state": "failed",
              "speed": null,
              "pass": false,
              "fail": true,
              "pending": false,
              "context": "[\n  {\n    \"title\": \"cypress-mochawesome-reporter-videos-failed\",\n    \"value\": \"cypress/e2e/addPermissions/addPerm-LAMan-homepage.spec.js\"\n  },\n  {\n    \"title\": \"cypress-mochawesome-reporter-screenshots\",\n    \"value\": [\n      [\n        \"/addPermissions/addPerm-LAMan-homepage.spec.js/ addPerm-LAMan-homepage  FHG-1699 LA manager - Home page -- AC 1,11 - LA Manager logged in homepage validate content (failed).png\"\n      ]\n    ]\n  }\n]",
              "code": "cy.visit('/');\n// validate page content \n// name of person logged in \ncy.LAManWelcomePage('London Borough of Redbridge');",
              "err": {
                "message": "AssertionError: Timed out retrying after 15000ms: Expected to find content: 'London Borough of Redbridge' within the element: <div.govuk-grid-column-two-thirds> but never did.",
                "estack": "AssertionError: Timed out retrying after 15000ms: Expected to find content: 'London Borough of Redbridge' within the element: <div.govuk-grid-column-two-thirds> but never did.\n    at Context.eval (webpack:///./cypress/support/commands.js:73:44)",
                "diff": null
              },
              "uuid": "1daa6dcd-1277-4a7e-af6c-3428f9eeffbd",
              "parentUUID": "59932bd4-a654-468d-9d88-15c1f40ada88",
              "isHook": false,
              "skipped": false
            },
            {
              "title": "AC 2,3,4,5,6,7,8,9 -page links",
              "fullTitle": "| addPerm-LAMan-homepage | FHG-1699 LA manager - Home page AC 2,3,4,5,6,7,8,9 -page links",
              "timedOut": null,
              "duration": 15666,
              "state": "failed",
              "speed": null,
              "pass": false,
              "fail": true,
              "pending": false,
              "context": "[\n  {\n    \"title\": \"cypress-mochawesome-reporter-videos-failed\",\n    \"value\": \"cypress/e2e/addPermissions/addPerm-LAMan-homepage.spec.js\"\n  },\n  {\n    \"title\": \"cypress-mochawesome-reporter-screenshots\",\n    \"value\": [\n      [\n        \"/addPermissions/addPerm-LAMan-homepage.spec.js/ addPerm-LAMan-homepage  FHG-1699 LA manager - Home page -- AC 2,3,4,5,6,7,8,9 -page links (failed).png\"\n      ]\n    ]\n  }\n]",
              "code": "cy.visit('/');\ncy.LAManWelcomePage('London Borough of Redbridge');\ncy.contains('Add permissions').click();\ncy.get('.govuk-back-link').click();\ncy.contains('Manage permissions').click();\ncy.get('.govuk-back-link').click();\ncy.contains('Add an LA service').click();\ncy.go(-1);\ncy.contains('Manage LA services').click();\ncy.go(-1);\ncy.contains('Add a family hub').click();\ncy.go(-1);\ncy.contains('Manage family hubs').click();\ncy.go(-1);\ncy.contains('Add an organisation').click();\ncy.get('.govuk-back-link').click();\ncy.contains('Manage organisations').click();\ncy.get('.govuk-back-link').click();",
              "err": {
                "message": "AssertionError: Timed out retrying after 15000ms: Expected to find content: 'London Borough of Redbridge' within the element: <div.govuk-grid-column-two-thirds> but never did.",
                "estack": "AssertionError: Timed out retrying after 15000ms: Expected to find content: 'London Borough of Redbridge' within the element: <div.govuk-grid-column-two-thirds> but never did.\n    at Context.eval (webpack:///./cypress/support/commands.js:73:44)",
                "diff": null
              },
              "uuid": "c882f8e7-c7aa-4629-90cc-a5a0f450dc6a",
              "parentUUID": "59932bd4-a654-468d-9d88-15c1f40ada88",
              "isHook": false,
              "skipped": false
            }
          ],
          "suites": [],
          "passes": [],
          "failures": [
            "1daa6dcd-1277-4a7e-af6c-3428f9eeffbd",
            "c882f8e7-c7aa-4629-90cc-a5a0f450dc6a"
          ],
          "pending": [],
          "skipped": [],
          "duration": 31702,
          "root": false,
          "rootEmpty": false,
          "_timeout": 2000
        }
      ],
      "passes": [],
      "failures": [],
      "pending": [],
      "skipped": [],
      "duration": 0,
      "root": true,
      "rootEmpty": true,
      "_timeout": 2000
    }
  ],
  "meta": {
    "mocha": {
      "version": "7.0.1"
    },
    "mochawesome": {
      "options": {
        "quiet": false,
        "reportFilename": "mochawesome",
        "saveHtml": false,
        "saveJson": true,
        "consoleReporter": "spec",
        "useInlineDiffs": false,
        "code": true
      },
      "version": "7.1.3"
    },
    "marge": {
      "options": {
        "overwrite": false,
        "html": false,
        "json": true,
        "reportDir": "cypress/reports/html/.jsons"
      },
      "version": "6.2.0"
    }
  }
}