{
  "stats": {
    "suites": 1,
    "tests": 6,
    "passes": 6,
    "pending": 0,
    "failures": 0,
    "start": "2023-08-06T06:43:42.806Z",
    "end": "2023-08-06T06:44:01.954Z",
    "duration": 19148,
    "testsRegistered": 6,
    "passPercent": 100,
    "pendingPercent": 0,
    "other": 0,
    "hasOther": false,
    "skipped": 0,
    "hasSkipped": false
  },
  "results": [
    {
      "uuid": "f7e7bde9-73be-419b-9a1e-155998d14c32",
      "title": "",
      "fullFile": "cypress/e2e/manageVCSOrgs/manVCS-dfeAdmin-ViewOrgPage.spec.js",
      "file": "cypress/e2e/manageVCSOrgs/manVCS-dfeAdmin-ViewOrgPage.spec.js",
      "beforeHooks": [],
      "afterHooks": [],
      "tests": [],
      "suites": [
        {
          "uuid": "db40e39d-7d45-4f96-adae-f852c69359d2",
          "title": "|manVCS-ViewOrgPage.spec | FHG-3799 Manage VCS - View Organisations Page ",
          "fullFile": "",
          "file": "",
          "beforeHooks": [],
          "afterHooks": [],
          "tests": [
            {
              "title": "AC 1,5,6 - page content , back link , title ",
              "fullTitle": "|manVCS-ViewOrgPage.spec | FHG-3799 Manage VCS - View Organisations Page  AC 1,5,6 - page content , back link , title ",
              "timedOut": null,
              "duration": 5772,
              "state": "passed",
              "speed": "medium",
              "pass": true,
              "fail": false,
              "pending": false,
              "context": "{\n  \"title\": \"cypress-mochawesome-reporter-videos-passed\",\n  \"value\": \"cypress/e2e/manageVCSOrgs/manVCS-dfeAdmin-ViewOrgPage.spec.js\"\n}",
              "code": "cy.visit('/');\ncy.dfeAdminWelcomePage();\n//manage VCS link\ncy.manVcsLink();\ncy.manVcsView();\n//manage VCS link\ncy.manVcsViewPage('Jubilee Church Ilford', 'London Borough of Redbridge');\n// back button \ncy.get('.govuk-back-link').click();\ncy.contains('Manage organisations');\n//\ncy.manVcsView();\ncy.contains('Back to manage local authorities and organisations').click();\ncy.contains('Manage organisations');",
              "err": {},
              "uuid": "eb901c67-388a-43cf-8a39-3da5f4ab2627",
              "parentUUID": "db40e39d-7d45-4f96-adae-f852c69359d2",
              "isHook": false,
              "skipped": false
            },
            {
              "title": "AC 2 Add VCS Org name",
              "fullTitle": "|manVCS-ViewOrgPage.spec | FHG-3799 Manage VCS - View Organisations Page  AC 2 Add VCS Org name",
              "timedOut": null,
              "duration": 6945,
              "state": "passed",
              "speed": "medium",
              "pass": true,
              "fail": false,
              "pending": false,
              "context": "{\n  \"title\": \"cypress-mochawesome-reporter-videos-passed\",\n  \"value\": \"cypress/e2e/manageVCSOrgs/manVCS-dfeAdmin-ViewOrgPage.spec.js\"\n}",
              "code": "cy.visit('/');\ncy.dfeAdminWelcomePage();\n//manage VCS link\ncy.manVcsLink();\ncy.get('.govuk-pagination__list > :nth-child(2) > .govuk-pagination__link').click();\ncy.get(':nth-child(5) > .govuk-pagination__link').click();\ncy.get(':nth-child(2) > .govuk-table__cell--numeric').contains('View').click();\ncy.editVcsName(n + 'Test VCS Org 001');\ncy.get('#buttonContinue').click();\ncy.get('.govuk-button').click();",
              "err": {},
              "uuid": "7d40e601-e465-4f7e-bf8d-8b2c6a21b5d3",
              "parentUUID": "db40e39d-7d45-4f96-adae-f852c69359d2",
              "isHook": false,
              "skipped": false
            },
            {
              "title": "AC 3 - view VCS Org ",
              "fullTitle": "|manVCS-ViewOrgPage.spec | FHG-3799 Manage VCS - View Organisations Page  AC 3 - view VCS Org ",
              "timedOut": null,
              "duration": 1384,
              "state": "passed",
              "speed": "fast",
              "pass": true,
              "fail": false,
              "pending": false,
              "context": "{\n  \"title\": \"cypress-mochawesome-reporter-videos-passed\",\n  \"value\": \"cypress/e2e/manageVCSOrgs/manVCS-dfeAdmin-ViewOrgPage.spec.js\"\n}",
              "code": "cy.visit('/');\ncy.dfeAdminWelcomePage();\n//manage VCS link\ncy.manVcsLink();\n// View VCS Org\ncy.manVcsView();",
              "err": {},
              "uuid": "cedaf484-277e-4746-be57-9838e295d205",
              "parentUUID": "db40e39d-7d45-4f96-adae-f852c69359d2",
              "isHook": false,
              "skipped": false
            },
            {
              "title": "AC 4 - delete VCS Org ",
              "fullTitle": "|manVCS-ViewOrgPage.spec | FHG-3799 Manage VCS - View Organisations Page  AC 4 - delete VCS Org ",
              "timedOut": null,
              "duration": 1238,
              "state": "passed",
              "speed": "fast",
              "pass": true,
              "fail": false,
              "pending": false,
              "context": "{\n  \"title\": \"cypress-mochawesome-reporter-videos-passed\",\n  \"value\": \"cypress/e2e/manageVCSOrgs/manVCS-dfeAdmin-ViewOrgPage.spec.js\"\n}",
              "code": "cy.visit('/');\ncy.dfeAdminWelcomePage();\n//manage VCS link\ncy.manVcsLink();\n// Delete VCS Org\ncy.manVcsDel();",
              "err": {},
              "uuid": "7f695364-1c8e-4029-ac49-f8f839b261cd",
              "parentUUID": "db40e39d-7d45-4f96-adae-f852c69359d2",
              "isHook": false,
              "skipped": false
            },
            {
              "title": "AC 8 , sort by Organisation name",
              "fullTitle": "|manVCS-ViewOrgPage.spec | FHG-3799 Manage VCS - View Organisations Page  AC 8 , sort by Organisation name",
              "timedOut": null,
              "duration": 1706,
              "state": "passed",
              "speed": "fast",
              "pass": true,
              "fail": false,
              "pending": false,
              "context": "{\n  \"title\": \"cypress-mochawesome-reporter-videos-passed\",\n  \"value\": \"cypress/e2e/manageVCSOrgs/manVCS-dfeAdmin-ViewOrgPage.spec.js\"\n}",
              "code": "cy.visit('/');\ncy.dfeAdminWelcomePage();\n//manage VCS link\ncy.manVcsLink();\n//check initial sort order on contact name\ncy.checkSortOrder(0, 'none');\n//click on Organisation name heading link\ncy.contains('Organisation').click();\n//check sort order on contact name\ncy.checkSortOrder(0, 'ascending');\n//click on Organisation name heading link\ncy.contains('Organisation').click();\n//check sort order on contact name\ncy.checkSortOrder(0, 'descending');",
              "err": {},
              "uuid": "353438b5-e0bc-4bbf-ac63-acb8ffc67bbd",
              "parentUUID": "db40e39d-7d45-4f96-adae-f852c69359d2",
              "isHook": false,
              "skipped": false
            },
            {
              "title": "AC 9 , sort by Local authority",
              "fullTitle": "|manVCS-ViewOrgPage.spec | FHG-3799 Manage VCS - View Organisations Page  AC 9 , sort by Local authority",
              "timedOut": null,
              "duration": 1982,
              "state": "passed",
              "speed": "fast",
              "pass": true,
              "fail": false,
              "pending": false,
              "context": "{\n  \"title\": \"cypress-mochawesome-reporter-videos-passed\",\n  \"value\": \"cypress/e2e/manageVCSOrgs/manVCS-dfeAdmin-ViewOrgPage.spec.js\"\n}",
              "code": "cy.visit('/');\ncy.dfeAdminWelcomePage();\n//manage VCS link\ncy.manVcsLink();\n//check initial sort order on contact name\ncy.checkSortOrder(1, 'none');\n//click on Local authority heading link\ncy.contains('Local authority').click();\n//check sort order on contact name\ncy.checkSortOrder(1, 'ascending');\n//click on Local authority heading link\ncy.contains('Local authority').click();\n//check sort order on contact name\ncy.checkSortOrder(1, 'descending');",
              "err": {},
              "uuid": "a20a5459-a02e-46e0-a2c3-44dd1fdd96d0",
              "parentUUID": "db40e39d-7d45-4f96-adae-f852c69359d2",
              "isHook": false,
              "skipped": false
            }
          ],
          "suites": [],
          "passes": [
            "eb901c67-388a-43cf-8a39-3da5f4ab2627",
            "7d40e601-e465-4f7e-bf8d-8b2c6a21b5d3",
            "cedaf484-277e-4746-be57-9838e295d205",
            "7f695364-1c8e-4029-ac49-f8f839b261cd",
            "353438b5-e0bc-4bbf-ac63-acb8ffc67bbd",
            "a20a5459-a02e-46e0-a2c3-44dd1fdd96d0"
          ],
          "failures": [],
          "pending": [],
          "skipped": [],
          "duration": 19027,
          "root": false,
          "rootEmpty": false,
          "_timeout": 2000
        }
      ],
      "passes": [],
      "failures": [],
      "pending": [],
      "skipped": [],
      "duration": 0,
      "root": true,
      "rootEmpty": true,
      "_timeout": 2000
    }
  ],
  "meta": {
    "mocha": {
      "version": "7.0.1"
    },
    "mochawesome": {
      "options": {
        "quiet": false,
        "reportFilename": "mochawesome",
        "saveHtml": false,
        "saveJson": true,
        "consoleReporter": "spec",
        "useInlineDiffs": false,
        "code": true
      },
      "version": "7.1.3"
    },
    "marge": {
      "options": {
        "overwrite": false,
        "html": false,
        "json": true,
        "reportDir": "cypress/reports/html/.jsons"
      },
      "version": "6.2.0"
    }
  }
}