{
  "stats": {
    "suites": 1,
    "tests": 2,
    "passes": 2,
    "pending": 0,
    "failures": 0,
    "start": "2023-08-07T06:34:35.676Z",
    "end": "2023-08-07T06:34:39.566Z",
    "duration": 3890,
    "testsRegistered": 2,
    "passPercent": 100,
    "pendingPercent": 0,
    "other": 0,
    "hasOther": false,
    "skipped": 0,
    "hasSkipped": false
  },
  "results": [
    {
      "uuid": "4f1497fd-f94a-454d-b4e5-d00fa113933c",
      "title": "",
      "fullFile": "cypress/e2e/addPermissions/addPerm-dfeAdmin-homepage.spec.js",
      "file": "cypress/e2e/addPermissions/addPerm-dfeAdmin-homepage.spec.js",
      "beforeHooks": [],
      "afterHooks": [],
      "tests": [],
      "suites": [
        {
          "uuid": "be3d2525-b239-473e-92c2-dfa8d27acb7c",
          "title": "| addPerm-dfeAdminHomepage | FHG-1599 DFE Admin Homepage - add permissions",
          "fullFile": "",
          "file": "",
          "beforeHooks": [],
          "afterHooks": [],
          "tests": [
            {
              "title": "AC1 - dfe admin logged in homepage validate content",
              "fullTitle": "| addPerm-dfeAdminHomepage | FHG-1599 DFE Admin Homepage - add permissions AC1 - dfe admin logged in homepage validate content",
              "timedOut": null,
              "duration": 1987,
              "state": "passed",
              "speed": "fast",
              "pass": true,
              "fail": false,
              "pending": false,
              "context": "{\n  \"title\": \"cypress-mochawesome-reporter-videos-passed\",\n  \"value\": \"cypress/e2e/addPermissions/addPerm-dfeAdmin-homepage.spec.js\"\n}",
              "code": "cy.visit('/');\n// validate page content \n// name of person logged in \ncy.dfeAdminWelcomePage();\n// Accounts \ncy.contains('Accounts');\ncy.contains('Add permissions');\ncy.contains('Add account permissions to manage family support services and manage connection requests');\ncy.contains('Manage permissions');\ncy.contains('View and remove account permissions to manage family support services or manage connection requests');\n// Local Authorities ( LAs)\ncy.contains('Local authorities (LAs)');\ncy.contains('Add an LA service');\ncy.contains('Add a service to the directory.');\ncy.contains('Manage LA services');\ncy.contains('View, change or delete services shown in the directory.');\ncy.contains('Add a family hub');\ncy.contains('Add a family hub to the directory.');\ncy.contains('Manage family hubs');\ncy.contains('View, change or delete family hubs shown in the directory.');\ncy.contains('Activate a local authority');\ncy.contains('Activate an LA before you create its accounts, services and family hubs.');\n//Voluntary Community Organisations ( VCSs)\ncy.contains('Voluntary community organisations (VCSs)');\ncy.contains('Add a VCS service');\ncy.contains('Add a service to the directory.');\ncy.contains('Manage VCS services');\ncy.contains('View, change or delete services shown in the directory.');\ncy.contains('Add a VCS organisation');\ncy.contains('Add an organisation before adding permissions for its users.');\ncy.contains('Manage VCS organisations');\ncy.contains('View, change or delete existing organisations.');",
              "err": {},
              "uuid": "c5b7cedd-fc34-4a3c-b5c3-5f036dc697f0",
              "parentUUID": "be3d2525-b239-473e-92c2-dfa8d27acb7c",
              "isHook": false,
              "skipped": false
            },
            {
              "title": "AC 2 - User logged in and selects add permissions",
              "fullTitle": "| addPerm-dfeAdminHomepage | FHG-1599 DFE Admin Homepage - add permissions AC 2 - User logged in and selects add permissions",
              "timedOut": null,
              "duration": 1834,
              "state": "passed",
              "speed": "fast",
              "pass": true,
              "fail": false,
              "pending": false,
              "context": "{\n  \"title\": \"cypress-mochawesome-reporter-videos-passed\",\n  \"value\": \"cypress/e2e/addPermissions/addPerm-dfeAdmin-homepage.spec.js\"\n}",
              "code": "cy.visit('/');\ncy.addPermissions();\ncy.typeOfUserPage();",
              "err": {},
              "uuid": "eb8711e9-45c1-4075-ae85-cef2c9c47b2f",
              "parentUUID": "be3d2525-b239-473e-92c2-dfa8d27acb7c",
              "isHook": false,
              "skipped": false
            }
          ],
          "suites": [],
          "passes": [
            "c5b7cedd-fc34-4a3c-b5c3-5f036dc697f0",
            "eb8711e9-45c1-4075-ae85-cef2c9c47b2f"
          ],
          "failures": [],
          "pending": [],
          "skipped": [],
          "duration": 3821,
          "root": false,
          "rootEmpty": false,
          "_timeout": 2000
        }
      ],
      "passes": [],
      "failures": [],
      "pending": [],
      "skipped": [],
      "duration": 0,
      "root": true,
      "rootEmpty": true,
      "_timeout": 2000
    }
  ],
  "meta": {
    "mocha": {
      "version": "7.0.1"
    },
    "mochawesome": {
      "options": {
        "quiet": false,
        "reportFilename": "mochawesome",
        "saveHtml": false,
        "saveJson": true,
        "consoleReporter": "spec",
        "useInlineDiffs": false,
        "code": true
      },
      "version": "7.1.3"
    },
    "marge": {
      "options": {
        "overwrite": false,
        "html": false,
        "json": true,
        "reportDir": "cypress/reports/html/.jsons"
      },
      "version": "6.2.0"
    }
  }
}