{
  "stats": {
    "suites": 1,
    "tests": 1,
    "passes": 1,
    "pending": 0,
    "failures": 0,
    "start": "2023-08-07T06:36:37.900Z",
    "end": "2023-08-07T06:36:50.114Z",
    "duration": 12214,
    "testsRegistered": 1,
    "passPercent": 100,
    "pendingPercent": 0,
    "other": 0,
    "hasOther": false,
    "skipped": 0,
    "hasSkipped": false
  },
  "results": [
    {
      "uuid": "316f643c-8357-45fc-84a8-711964287d50",
      "title": "",
      "fullFile": "cypress/e2e/addPermissions/addPerm-la-dfeAdmin-confirmationPage.spec.js",
      "file": "cypress/e2e/addPermissions/addPerm-la-dfeAdmin-confirmationPage.spec.js",
      "beforeHooks": [],
      "afterHooks": [],
      "tests": [],
      "suites": [
        {
          "uuid": "ce823295-7206-4a61-b13f-0bf7612a8144",
          "title": "| addPerm-la-confirmationPage | FHG-3392 DFE - add permissions - confirmation page",
          "fullFile": "",
          "file": "",
          "beforeHooks": [],
          "afterHooks": [],
          "tests": [
            {
              "title": "AC 1 - validate content",
              "fullTitle": "| addPerm-la-confirmationPage | FHG-3392 DFE - add permissions - confirmation page AC 1 - validate content",
              "timedOut": null,
              "duration": 12170,
              "state": "passed",
              "speed": "slow",
              "pass": true,
              "fail": false,
              "pending": false,
              "context": "{\n  \"title\": \"cypress-mochawesome-reporter-videos-passed\",\n  \"value\": \"cypress/e2e/addPermissions/addPerm-la-dfeAdmin-confirmationPage.spec.js\"\n}",
              "code": "cy.confirmationPage('John Paul Smith');",
              "err": {},
              "uuid": "aef81dee-c2dd-45d7-a90a-b9d6aab2c24e",
              "parentUUID": "ce823295-7206-4a61-b13f-0bf7612a8144",
              "isHook": false,
              "skipped": false
            }
          ],
          "suites": [],
          "passes": [
            "aef81dee-c2dd-45d7-a90a-b9d6aab2c24e"
          ],
          "failures": [],
          "pending": [],
          "skipped": [],
          "duration": 12170,
          "root": false,
          "rootEmpty": false,
          "_timeout": 2000
        }
      ],
      "passes": [],
      "failures": [],
      "pending": [],
      "skipped": [],
      "duration": 0,
      "root": true,
      "rootEmpty": true,
      "_timeout": 2000
    }
  ],
  "meta": {
    "mocha": {
      "version": "7.0.1"
    },
    "mochawesome": {
      "options": {
        "quiet": false,
        "reportFilename": "mochawesome",
        "saveHtml": false,
        "saveJson": true,
        "consoleReporter": "spec",
        "useInlineDiffs": false,
        "code": true
      },
      "version": "7.1.3"
    },
    "marge": {
      "options": {
        "overwrite": false,
        "html": false,
        "json": true,
        "reportDir": "cypress/reports/html/.jsons"
      },
      "version": "6.2.0"
    }
  }
}