{
  "stats": {
    "suites": 1,
    "tests": 2,
    "passes": 1,
    "pending": 0,
    "failures": 1,
    "start": "2023-08-07T06:35:53.363Z",
    "end": "2023-08-07T06:36:26.706Z",
    "duration": 33343,
    "testsRegistered": 6,
    "passPercent": 16.666666666666664,
    "pendingPercent": 0,
    "other": 0,
    "hasOther": false,
    "skipped": 4,
    "hasSkipped": true
  },
  "results": [
    {
      "uuid": "75fd584e-7685-47ae-9ad9-515733b0154a",
      "title": "",
      "fullFile": "cypress/e2e/addPermissions/addPerm-la-dfeAdmin-checkAnswerPage.spec.js",
      "file": "cypress/e2e/addPermissions/addPerm-la-dfeAdmin-checkAnswerPage.spec.js",
      "beforeHooks": [],
      "afterHooks": [],
      "tests": [],
      "suites": [
        {
          "uuid": "7db38a60-f6db-4071-a1f2-66a147d62e8b",
          "title": "| addPerm-la-checkAnswerPage | FHG-3391 DFE - add permissions - check account details page",
          "fullFile": "",
          "file": "",
          "beforeHooks": [],
          "afterHooks": [],
          "tests": [
            {
              "title": "AC 1,4 - validate page content , back link ",
              "fullTitle": "| addPerm-la-checkAnswerPage | FHG-3391 DFE - add permissions - check account details page AC 1,4 - validate page content , back link ",
              "timedOut": null,
              "duration": 12739,
              "state": "passed",
              "speed": "slow",
              "pass": true,
              "fail": false,
              "pending": false,
              "context": "{\n  \"title\": \"cypress-mochawesome-reporter-videos-passed\",\n  \"value\": \"cypress/e2e/addPermissions/addPerm-la-dfeAdmin-checkAnswerPage.spec.js\"\n}",
              "code": "const expectedContent = {\n  'Who for': 'Someone who works for a local authority',\n  'Type of permission': 'Add and manage services, family hubs and accounts',\n  'Local authority': 'Bristol County Council',\n  'Email address': n + 'abcdef@def.com',\n  'Name': 'John Smith'\n};\ncy.contains('Check account details');\ncy.checkAnswerDetails(expectedContent);\n// back button - takes user to user name page\ncy.get('.govuk-back-link').click();\ncy.fullName('John Smith');\n//next page \ncy.checkAnswerPage();\ncy.contains('Permissions added');\ncy.contains('John Smith');",
              "err": {},
              "uuid": "24bd2397-ed63-4eaf-bdd5-d786ca19b47f",
              "parentUUID": "7db38a60-f6db-4071-a1f2-66a147d62e8b",
              "isHook": false,
              "skipped": false
            },
            {
              "title": "AC 3 - Change link - who for",
              "fullTitle": "| addPerm-la-checkAnswerPage | FHG-3391 DFE - add permissions - check account details page AC 3 - Change link - who for",
              "timedOut": null,
              "duration": 20187,
              "state": "failed",
              "speed": null,
              "pass": false,
              "fail": true,
              "pending": false,
              "context": "[\n  {\n    \"title\": \"cypress-mochawesome-reporter-videos-failed\",\n    \"value\": \"cypress/e2e/addPermissions/addPerm-la-dfeAdmin-checkAnswerPage.spec.js\"\n  },\n  {\n    \"title\": \"cypress-mochawesome-reporter-screenshots\",\n    \"value\": [\n      [\n        \"/addPermissions/addPerm-la-dfeAdmin-checkAnswerPage.spec.js/ addPerm-la-checkAnswerPage  FHG-3391 DFE - add permissions - check account details page -- AC 3 - Change link - who for -- before each hook (failed).png\"\n      ]\n    ]\n  }\n]",
              "code": "cy.get(':nth-child(1) > .govuk-summary-list__actions > .govuk-link').click();\ncy.typeOfUserPage('la');\ncy.typeOfUserLA('1');\ncy.laWhichLA('bristol');\ncy.email(n + 'abcdef@def.com');\ncy.fullName('John Smith');",
              "err": {
                "message": "AssertionError: Timed out retrying after 15000ms: expected 'This email address is already linked to another account - Manage family support services and accounts - GOV.UK' to equal 'What\\'s their full name? - Manage family support services and accounts - GOV.UK'\n\nBecause this error occurred during a `before each` hook we are skipping the remaining tests in the current suite: `| addPerm-la-checkAnswerPag...`",
                "estack": "AssertionError: Timed out retrying after 15000ms: expected 'This email address is already linked to another account - Manage family support services and accounts - GOV.UK' to equal 'What\\'s their full name? - Manage family support services and accounts - GOV.UK'\n\nBecause this error occurred during a `before each` hook we are skipping the remaining tests in the current suite: `| addPerm-la-checkAnswerPag...`\n    at Context.eval (webpack:///./cypress/support/commands.js:202:15)",
                "diff": "- '\\'This email address is already linked to another account - Manage family support services and accounts - GOV.UK\\''\n+ '\\'What\\\\\\'s their full name? - Manage family support services and accounts - GOV.UK\\''\n"
              },
              "uuid": "0f480101-7713-4087-aa7c-3c6309fabd66",
              "parentUUID": "7db38a60-f6db-4071-a1f2-66a147d62e8b",
              "isHook": false,
              "skipped": false
            },
            {
              "title": "AC 3 - Change link - Type of permission",
              "fullTitle": "| addPerm-la-checkAnswerPage | FHG-3391 DFE - add permissions - check account details page AC 3 - Change link - Type of permission",
              "timedOut": null,
              "duration": 0,
              "state": "skipped",
              "speed": null,
              "pass": false,
              "fail": false,
              "pending": false,
              "context": null,
              "code": "cy.get(':nth-child(2) > .govuk-summary-list__actions > .govuk-link').click();\ncy.typeOfUserLA('1');\ncy.laWhichLA('redbridge');\ncy.email(n + 'abcdef@def.com');\ncy.fullName('John Smith');",
              "err": {},
              "uuid": "f8d76708-9454-4f95-9fd9-cea466547567",
              "parentUUID": "7db38a60-f6db-4071-a1f2-66a147d62e8b",
              "isHook": false,
              "skipped": true
            },
            {
              "title": "AC 3 - Change link - Local authority",
              "fullTitle": "| addPerm-la-checkAnswerPage | FHG-3391 DFE - add permissions - check account details page AC 3 - Change link - Local authority",
              "timedOut": null,
              "duration": 0,
              "state": "skipped",
              "speed": null,
              "pass": false,
              "fail": false,
              "pending": false,
              "context": null,
              "code": "cy.get(':nth-child(3) > .govuk-summary-list__actions > .govuk-link').click();\ncy.laWhichLA('redbridge');\ncy.email(n + 'abcdef@def.com');\ncy.fullName('John Smith');",
              "err": {},
              "uuid": "327dd698-d19f-4740-adec-ebcf701436e9",
              "parentUUID": "7db38a60-f6db-4071-a1f2-66a147d62e8b",
              "isHook": false,
              "skipped": true
            },
            {
              "title": "AC 3 - Change link - Email address",
              "fullTitle": "| addPerm-la-checkAnswerPage | FHG-3391 DFE - add permissions - check account details page AC 3 - Change link - Email address",
              "timedOut": null,
              "duration": 0,
              "state": "skipped",
              "speed": null,
              "pass": false,
              "fail": false,
              "pending": false,
              "context": null,
              "code": "cy.get(':nth-child(4) > .govuk-summary-list__actions > .govuk-link').click();\ncy.email(n + 'abcdef@def.com');\ncy.fullName('John Smith');",
              "err": {},
              "uuid": "839f95f3-4f64-4e50-bfb1-8b785ecdd469",
              "parentUUID": "7db38a60-f6db-4071-a1f2-66a147d62e8b",
              "isHook": false,
              "skipped": true
            },
            {
              "title": "AC 3 - Change link - Name",
              "fullTitle": "| addPerm-la-checkAnswerPage | FHG-3391 DFE - add permissions - check account details page AC 3 - Change link - Name",
              "timedOut": null,
              "duration": 0,
              "state": "skipped",
              "speed": null,
              "pass": false,
              "fail": false,
              "pending": false,
              "context": null,
              "code": "cy.get(':nth-child(5) > .govuk-summary-list__actions > .govuk-link').click();\ncy.fullName('John Paul Smith Jr');",
              "err": {},
              "uuid": "d8465bf0-a973-43a8-a08b-7dcd72726de7",
              "parentUUID": "7db38a60-f6db-4071-a1f2-66a147d62e8b",
              "isHook": false,
              "skipped": true
            }
          ],
          "suites": [],
          "passes": [
            "24bd2397-ed63-4eaf-bdd5-d786ca19b47f"
          ],
          "failures": [
            "0f480101-7713-4087-aa7c-3c6309fabd66"
          ],
          "pending": [],
          "skipped": [
            "f8d76708-9454-4f95-9fd9-cea466547567",
            "327dd698-d19f-4740-adec-ebcf701436e9",
            "839f95f3-4f64-4e50-bfb1-8b785ecdd469",
            "d8465bf0-a973-43a8-a08b-7dcd72726de7"
          ],
          "duration": 32926,
          "root": false,
          "rootEmpty": false,
          "_timeout": 2000
        }
      ],
      "passes": [],
      "failures": [],
      "pending": [],
      "skipped": [],
      "duration": 0,
      "root": true,
      "rootEmpty": true,
      "_timeout": 2000
    }
  ],
  "meta": {
    "mocha": {
      "version": "7.0.1"
    },
    "mochawesome": {
      "options": {
        "quiet": false,
        "reportFilename": "mochawesome",
        "saveHtml": false,
        "saveJson": true,
        "consoleReporter": "spec",
        "useInlineDiffs": false,
        "code": true
      },
      "version": "7.1.3"
    },
    "marge": {
      "options": {
        "overwrite": false,
        "html": false,
        "json": true,
        "reportDir": "cypress/reports/html/.jsons"
      },
      "version": "6.2.0"
    }
  }
}