{
  "stats": {
    "suites": 1,
    "tests": 4,
    "passes": 3,
    "pending": 0,
    "failures": 1,
    "start": "2023-08-07T06:36:57.031Z",
    "end": "2023-08-07T06:37:22.521Z",
    "duration": 25490,
    "testsRegistered": 4,
    "passPercent": 75,
    "pendingPercent": 0,
    "other": 0,
    "hasOther": false,
    "skipped": 0,
    "hasSkipped": false
  },
  "results": [
    {
      "uuid": "7588f69c-cc0c-44f0-a0a6-08ce8d063e11",
      "title": "",
      "fullFile": "cypress/e2e/addPermissions/addPerm-la-dfeAdmin-typeOfRole.spec.js",
      "file": "cypress/e2e/addPermissions/addPerm-la-dfeAdmin-typeOfRole.spec.js",
      "beforeHooks": [],
      "afterHooks": [],
      "tests": [],
      "suites": [
        {
          "uuid": "4aeea856-7781-4491-8151-fa695cbfdb83",
          "title": "| addPerm-la-typeOfRole | FHG-1065 DFE - add permissions - who are you adding permissions for? ",
          "fullFile": "",
          "file": "",
          "beforeHooks": [],
          "afterHooks": [],
          "tests": [
            {
              "title": "AC 1,5 -  validate content",
              "fullTitle": "| addPerm-la-typeOfRole | FHG-1065 DFE - add permissions - who are you adding permissions for?  AC 1,5 -  validate content",
              "timedOut": null,
              "duration": 17257,
              "state": "failed",
              "speed": null,
              "pass": false,
              "fail": true,
              "pending": false,
              "context": "[\n  {\n    \"title\": \"cypress-mochawesome-reporter-videos-failed\",\n    \"value\": \"cypress/e2e/addPermissions/addPerm-la-dfeAdmin-typeOfRole.spec.js\"\n  },\n  {\n    \"title\": \"cypress-mochawesome-reporter-screenshots\",\n    \"value\": [\n      [\n        \"/addPermissions/addPerm-la-dfeAdmin-typeOfRole.spec.js/ addPerm-la-typeOfRole  FHG-1065 DFE - add permissions - who are you adding permissions for -- AC 1,5 -  validate content (failed).png\"\n      ]\n    ]\n  }\n]",
              "code": "cy.visit('/');\ncy.dfeAdminWelcomePage();\ncy.addPermissions();\ncy.title().should('eq', 'Type of user - Manage family support services and accounts - GOV.UK');\ncy.pageHeadings().contains('Who are you adding permissions for?');\ncy.contains('Someone who works for a local authority');\ncy.contains('Someone who works for a voluntary and community sector organisation');\ncy.typeOfUserPage('la');\n// back link\ncy.get('.govuk-back-link').click();\ncy.contains('Someone who works for a local authority');",
              "err": {
                "message": "AssertionError: Timed out retrying after 15000ms: expected 'Who are you adding permissions for? - Manage family support services and accounts - GOV.UK' to equal 'Type of user - Manage family support services and accounts - GOV.UK'",
                "estack": "AssertionError: Timed out retrying after 15000ms: expected 'Who are you adding permissions for? - Manage family support services and accounts - GOV.UK' to equal 'Type of user - Manage family support services and accounts - GOV.UK'\n    at Context.eval (webpack:///./cypress/e2e/addPermissions/addPerm-la-dfeAdmin-typeOfRole.spec.js:11:19)",
                "diff": "- 'Who are you adding permissions for? - Manage family support services and accounts - GOV.UK'\n+ 'Type of user - Manage family support services and accounts - GOV.UK'\n"
              },
              "uuid": "7b398058-9ae0-4143-ab73-73e43058f53c",
              "parentUUID": "4aeea856-7781-4491-8151-fa695cbfdb83",
              "isHook": false,
              "skipped": false
            },
            {
              "title": "AC 2  -  LA option",
              "fullTitle": "| addPerm-la-typeOfRole | FHG-1065 DFE - add permissions - who are you adding permissions for?  AC 2  -  LA option",
              "timedOut": null,
              "duration": 2426,
              "state": "passed",
              "speed": "fast",
              "pass": true,
              "fail": false,
              "pending": false,
              "context": "{\n  \"title\": \"cypress-mochawesome-reporter-videos-passed\",\n  \"value\": \"cypress/e2e/addPermissions/addPerm-la-dfeAdmin-typeOfRole.spec.js\"\n}",
              "code": "cy.visit('/');\ncy.dfeAdminWelcomePage();\ncy.addPermissions();\ncy.typeOfUserPage('la');\ncy.typeOfUserLA();",
              "err": {},
              "uuid": "0d615656-dfda-44ec-98f6-253b5b256efd",
              "parentUUID": "4aeea856-7781-4491-8151-fa695cbfdb83",
              "isHook": false,
              "skipped": false
            },
            {
              "title": "AC 3  -  VCS option",
              "fullTitle": "| addPerm-la-typeOfRole | FHG-1065 DFE - add permissions - who are you adding permissions for?  AC 3  -  VCS option",
              "timedOut": null,
              "duration": 2958,
              "state": "passed",
              "speed": "fast",
              "pass": true,
              "fail": false,
              "pending": false,
              "context": "{\n  \"title\": \"cypress-mochawesome-reporter-videos-passed\",\n  \"value\": \"cypress/e2e/addPermissions/addPerm-la-dfeAdmin-typeOfRole.spec.js\"\n}",
              "code": "cy.visit('/');\ncy.dfeAdminWelcomePage();\ncy.addPermissions();\ncy.typeOfUserPage('vcs');\ncy.typeOfUserVCS();",
              "err": {},
              "uuid": "3ab2d04f-0391-4a59-ad4e-d4db4268325e",
              "parentUUID": "4aeea856-7781-4491-8151-fa695cbfdb83",
              "isHook": false,
              "skipped": false
            },
            {
              "title": "AC 4  -  error message",
              "fullTitle": "| addPerm-la-typeOfRole | FHG-1065 DFE - add permissions - who are you adding permissions for?  AC 4  -  error message",
              "timedOut": null,
              "duration": 2709,
              "state": "passed",
              "speed": "fast",
              "pass": true,
              "fail": false,
              "pending": false,
              "context": "{\n  \"title\": \"cypress-mochawesome-reporter-videos-passed\",\n  \"value\": \"cypress/e2e/addPermissions/addPerm-la-dfeAdmin-typeOfRole.spec.js\"\n}",
              "code": "cy.visit('/');\ncy.dfeAdminWelcomePage();\ncy.addPermissions();\n// error message when user does not select one of the options\ncy.get('.govuk-button').click();\ncy.get('.govuk-error-summary').contains('There is a problem');\ncy.get('.govuk-error-summary').contains('Select who you are adding permissions for');\n//user makes a seletion\ncy.typeOfUserPage('la');\ncy.typeOfUserLA();",
              "err": {},
              "uuid": "2d3e368b-9db9-44d7-8727-5001d5cc11f0",
              "parentUUID": "4aeea856-7781-4491-8151-fa695cbfdb83",
              "isHook": false,
              "skipped": false
            }
          ],
          "suites": [],
          "passes": [
            "0d615656-dfda-44ec-98f6-253b5b256efd",
            "3ab2d04f-0391-4a59-ad4e-d4db4268325e",
            "2d3e368b-9db9-44d7-8727-5001d5cc11f0"
          ],
          "failures": [
            "7b398058-9ae0-4143-ab73-73e43058f53c"
          ],
          "pending": [],
          "skipped": [],
          "duration": 25350,
          "root": false,
          "rootEmpty": false,
          "_timeout": 2000
        }
      ],
      "passes": [],
      "failures": [],
      "pending": [],
      "skipped": [],
      "duration": 0,
      "root": true,
      "rootEmpty": true,
      "_timeout": 2000
    }
  ],
  "meta": {
    "mocha": {
      "version": "7.0.1"
    },
    "mochawesome": {
      "options": {
        "quiet": false,
        "reportFilename": "mochawesome",
        "saveHtml": false,
        "saveJson": true,
        "consoleReporter": "spec",
        "useInlineDiffs": false,
        "code": true
      },
      "version": "7.1.3"
    },
    "marge": {
      "options": {
        "overwrite": false,
        "html": false,
        "json": true,
        "reportDir": "cypress/reports/html/.jsons"
      },
      "version": "6.2.0"
    }
  }
}