{
  "stats": {
    "suites": 1,
    "tests": 1,
    "passes": 0,
    "pending": 0,
    "failures": 1,
    "start": "2023-08-07T06:47:58.017Z",
    "end": "2023-08-07T06:48:14.249Z",
    "duration": 16232,
    "testsRegistered": 1,
    "passPercent": 0,
    "pendingPercent": 0,
    "other": 0,
    "hasOther": false,
    "skipped": 0,
    "hasSkipped": false
  },
  "results": [
    {
      "uuid": "ed30ac9f-966f-4714-9eec-a319c9da5988",
      "title": "",
      "fullFile": "cypress/e2e/managePermissions/manPerm-dfeAdmin-userPermissions.spec.js",
      "file": "cypress/e2e/managePermissions/manPerm-dfeAdmin-userPermissions.spec.js",
      "beforeHooks": [],
      "afterHooks": [],
      "tests": [],
      "suites": [
        {
          "uuid": "a7c6740f-868e-4e59-8565-e18081e81367",
          "title": "| manPerm-userPermissions | FHG-1617 Manage permissions ( Manage User Permissions) Page ",
          "fullFile": "",
          "file": "",
          "beforeHooks": [],
          "afterHooks": [],
          "tests": [
            {
              "title": "AC 1 ",
              "fullTitle": "| manPerm-userPermissions | FHG-1617 Manage permissions ( Manage User Permissions) Page  AC 1 ",
              "timedOut": null,
              "duration": 16153,
              "state": "failed",
              "speed": null,
              "pass": false,
              "fail": true,
              "pending": false,
              "context": "[\n  {\n    \"title\": \"cypress-mochawesome-reporter-videos-failed\",\n    \"value\": \"cypress/e2e/managePermissions/manPerm-dfeAdmin-userPermissions.spec.js\"\n  },\n  {\n    \"title\": \"cypress-mochawesome-reporter-screenshots\",\n    \"value\": [\n      [\n        \"/managePermissions/manPerm-dfeAdmin-userPermissions.spec.js/ manPerm-userPermissions  FHG-1617 Manage permissions ( Manage User Permissions) Page -- AC 1 (failed).png\"\n      ]\n    ]\n  }\n]",
              "code": "cy.visit('/');\ncy.dfeAdminWelcomePage('Department for Education');\n//my account link\ncy.get('.govuk-header__content').contains('My account').click();\ncy.contains('Manage your account');\n//signout link\ncy.get('.govuk-header__content').contains('Sign out').click();\ncy.contains('You have signed out');",
              "err": {
                "message": "AssertionError: Timed out retrying after 15000ms: Expected to find content: 'Department for Education' within the element: <div.govuk-grid-column-two-thirds> but never did.",
                "estack": "AssertionError: Timed out retrying after 15000ms: Expected to find content: 'Department for Education' within the element: <div.govuk-grid-column-two-thirds> but never did.\n    at Context.eval (webpack:///./cypress/support/commands.js:56:44)",
                "diff": null
              },
              "uuid": "1b0d73dd-df11-4e7e-818b-fc54ef72670e",
              "parentUUID": "a7c6740f-868e-4e59-8565-e18081e81367",
              "isHook": false,
              "skipped": false
            }
          ],
          "suites": [],
          "passes": [],
          "failures": [
            "1b0d73dd-df11-4e7e-818b-fc54ef72670e"
          ],
          "pending": [],
          "skipped": [],
          "duration": 16153,
          "root": false,
          "rootEmpty": false,
          "_timeout": 2000
        }
      ],
      "passes": [],
      "failures": [],
      "pending": [],
      "skipped": [],
      "duration": 0,
      "root": true,
      "rootEmpty": true,
      "_timeout": 2000
    }
  ],
  "meta": {
    "mocha": {
      "version": "7.0.1"
    },
    "mochawesome": {
      "options": {
        "quiet": false,
        "reportFilename": "mochawesome",
        "saveHtml": false,
        "saveJson": true,
        "consoleReporter": "spec",
        "useInlineDiffs": false,
        "code": true
      },
      "version": "7.1.3"
    },
    "marge": {
      "options": {
        "overwrite": false,
        "html": false,
        "json": true,
        "reportDir": "cypress/reports/html/.jsons"
      },
      "version": "6.2.0"
    }
  }
}