{
  "stats": {
    "suites": 1,
    "tests": 6,
    "passes": 0,
    "pending": 0,
    "failures": 6,
    "start": "2023-08-07T06:48:21.157Z",
    "end": "2023-08-07T06:49:56.413Z",
    "duration": 95256,
    "testsRegistered": 6,
    "passPercent": 0,
    "pendingPercent": 0,
    "other": 0,
    "hasOther": false,
    "skipped": 0,
    "hasSkipped": false
  },
  "results": [
    {
      "uuid": "607c2095-5037-4394-a0cb-1af3db6de775",
      "title": "",
      "fullFile": "cypress/e2e/manageVCSOrgs/manVCS-dfeAdmin-ViewOrgPage.spec.js",
      "file": "cypress/e2e/manageVCSOrgs/manVCS-dfeAdmin-ViewOrgPage.spec.js",
      "beforeHooks": [],
      "afterHooks": [],
      "tests": [],
      "suites": [
        {
          "uuid": "67e841b8-807e-451d-b549-168bd787ae2f",
          "title": "|manVCS-ViewOrgPage.spec | FHG-3799 Manage VCS - View Organisations Page ",
          "fullFile": "",
          "file": "",
          "beforeHooks": [],
          "afterHooks": [],
          "tests": [
            {
              "title": "AC 1,5,6 - page content , back link , title ",
              "fullTitle": "|manVCS-ViewOrgPage.spec | FHG-3799 Manage VCS - View Organisations Page  AC 1,5,6 - page content , back link , title ",
              "timedOut": null,
              "duration": 16235,
              "state": "failed",
              "speed": null,
              "pass": false,
              "fail": true,
              "pending": false,
              "context": "[\n  {\n    \"title\": \"cypress-mochawesome-reporter-videos-failed\",\n    \"value\": \"cypress/e2e/manageVCSOrgs/manVCS-dfeAdmin-ViewOrgPage.spec.js\"\n  },\n  {\n    \"title\": \"cypress-mochawesome-reporter-screenshots\",\n    \"value\": [\n      [\n        \"/manageVCSOrgs/manVCS-dfeAdmin-ViewOrgPage.spec.js/manVCS-ViewOrgPage.spec  FHG-3799 Manage VCS - View Organisations Page -- AC 1,5,6 - page content , back link , title (failed).png\"\n      ]\n    ]\n  }\n]",
              "code": "cy.visit('/');\ncy.dfeAdminWelcomePage();\n//manage VCS link\ncy.manVcsLink();\ncy.manVcsView();\n//manage VCS link\ncy.manVcsViewPage('Jubilee Church Ilford', 'London Borough of Redbridge');\n// back button \ncy.get('.govuk-back-link').click();\ncy.contains('Manage organisations');\n//\ncy.manVcsView();\ncy.contains('Back to manage local authorities and organisations').click();\ncy.contains('Manage organisations');",
              "err": {
                "message": "AssertionError: Timed out retrying after 15000ms: Expected to find content: 'Department for Education' within the element: <div.govuk-grid-column-two-thirds> but never did.",
                "estack": "AssertionError: Timed out retrying after 15000ms: Expected to find content: 'Department for Education' within the element: <div.govuk-grid-column-two-thirds> but never did.\n    at Context.eval (webpack:///./cypress/support/commands.js:56:44)",
                "diff": null
              },
              "uuid": "1c784d85-5de7-44b8-9934-97a93bcff895",
              "parentUUID": "67e841b8-807e-451d-b549-168bd787ae2f",
              "isHook": false,
              "skipped": false
            },
            {
              "title": "AC 2 Add VCS Org name",
              "fullTitle": "|manVCS-ViewOrgPage.spec | FHG-3799 Manage VCS - View Organisations Page  AC 2 Add VCS Org name",
              "timedOut": null,
              "duration": 15692,
              "state": "failed",
              "speed": null,
              "pass": false,
              "fail": true,
              "pending": false,
              "context": "[\n  {\n    \"title\": \"cypress-mochawesome-reporter-videos-failed\",\n    \"value\": \"cypress/e2e/manageVCSOrgs/manVCS-dfeAdmin-ViewOrgPage.spec.js\"\n  },\n  {\n    \"title\": \"cypress-mochawesome-reporter-screenshots\",\n    \"value\": [\n      [\n        \"/manageVCSOrgs/manVCS-dfeAdmin-ViewOrgPage.spec.js/manVCS-ViewOrgPage.spec  FHG-3799 Manage VCS - View Organisations Page -- AC 2 Add VCS Org name (failed).png\"\n      ]\n    ]\n  }\n]",
              "code": "cy.visit('/');\ncy.dfeAdminWelcomePage();\n//manage VCS link\ncy.manVcsLink();\ncy.get('.govuk-pagination__list > :nth-child(2) > .govuk-pagination__link').click();\ncy.get(':nth-child(5) > .govuk-pagination__link').click();\ncy.get(':nth-child(2) > .govuk-table__cell--numeric').contains('View').click();\ncy.editVcsName(n + 'Test VCS Org 001');\ncy.get('#buttonContinue').click();\ncy.get('.govuk-button').click();",
              "err": {
                "message": "AssertionError: Timed out retrying after 15000ms: Expected to find content: 'Department for Education' within the element: <div.govuk-grid-column-two-thirds> but never did.",
                "estack": "AssertionError: Timed out retrying after 15000ms: Expected to find content: 'Department for Education' within the element: <div.govuk-grid-column-two-thirds> but never did.\n    at Context.eval (webpack:///./cypress/support/commands.js:56:44)",
                "diff": null
              },
              "uuid": "f6e4e631-0aec-430b-8d23-94d650aa0e75",
              "parentUUID": "67e841b8-807e-451d-b549-168bd787ae2f",
              "isHook": false,
              "skipped": false
            },
            {
              "title": "AC 3 - view VCS Org ",
              "fullTitle": "|manVCS-ViewOrgPage.spec | FHG-3799 Manage VCS - View Organisations Page  AC 3 - view VCS Org ",
              "timedOut": null,
              "duration": 15749,
              "state": "failed",
              "speed": null,
              "pass": false,
              "fail": true,
              "pending": false,
              "context": "[\n  {\n    \"title\": \"cypress-mochawesome-reporter-videos-failed\",\n    \"value\": \"cypress/e2e/manageVCSOrgs/manVCS-dfeAdmin-ViewOrgPage.spec.js\"\n  },\n  {\n    \"title\": \"cypress-mochawesome-reporter-screenshots\",\n    \"value\": [\n      [\n        \"/manageVCSOrgs/manVCS-dfeAdmin-ViewOrgPage.spec.js/manVCS-ViewOrgPage.spec  FHG-3799 Manage VCS - View Organisations Page -- AC 3 - view VCS Org (failed).png\"\n      ]\n    ]\n  }\n]",
              "code": "cy.visit('/');\ncy.dfeAdminWelcomePage();\n//manage VCS link\ncy.manVcsLink();\n// View VCS Org\ncy.manVcsView();",
              "err": {
                "message": "AssertionError: Timed out retrying after 15000ms: Expected to find content: 'Department for Education' within the element: <div.govuk-grid-column-two-thirds> but never did.",
                "estack": "AssertionError: Timed out retrying after 15000ms: Expected to find content: 'Department for Education' within the element: <div.govuk-grid-column-two-thirds> but never did.\n    at Context.eval (webpack:///./cypress/support/commands.js:56:44)",
                "diff": null
              },
              "uuid": "e49bbd28-d10e-4ea0-a942-ef4364d64b9b",
              "parentUUID": "67e841b8-807e-451d-b549-168bd787ae2f",
              "isHook": false,
              "skipped": false
            },
            {
              "title": "AC 4 - delete VCS Org ",
              "fullTitle": "|manVCS-ViewOrgPage.spec | FHG-3799 Manage VCS - View Organisations Page  AC 4 - delete VCS Org ",
              "timedOut": null,
              "duration": 15768,
              "state": "failed",
              "speed": null,
              "pass": false,
              "fail": true,
              "pending": false,
              "context": "[\n  {\n    \"title\": \"cypress-mochawesome-reporter-videos-failed\",\n    \"value\": \"cypress/e2e/manageVCSOrgs/manVCS-dfeAdmin-ViewOrgPage.spec.js\"\n  },\n  {\n    \"title\": \"cypress-mochawesome-reporter-screenshots\",\n    \"value\": [\n      [\n        \"/manageVCSOrgs/manVCS-dfeAdmin-ViewOrgPage.spec.js/manVCS-ViewOrgPage.spec  FHG-3799 Manage VCS - View Organisations Page -- AC 4 - delete VCS Org (failed).png\"\n      ]\n    ]\n  }\n]",
              "code": "cy.visit('/');\ncy.dfeAdminWelcomePage();\n//manage VCS link\ncy.manVcsLink();\n// Delete VCS Org\ncy.manVcsDel();",
              "err": {
                "message": "AssertionError: Timed out retrying after 15000ms: Expected to find content: 'Department for Education' within the element: <div.govuk-grid-column-two-thirds> but never did.",
                "estack": "AssertionError: Timed out retrying after 15000ms: Expected to find content: 'Department for Education' within the element: <div.govuk-grid-column-two-thirds> but never did.\n    at Context.eval (webpack:///./cypress/support/commands.js:56:44)",
                "diff": null
              },
              "uuid": "a17b82c4-c7bb-46f6-95d0-0a21182ae647",
              "parentUUID": "67e841b8-807e-451d-b549-168bd787ae2f",
              "isHook": false,
              "skipped": false
            },
            {
              "title": "AC 8 , sort by Organisation name",
              "fullTitle": "|manVCS-ViewOrgPage.spec | FHG-3799 Manage VCS - View Organisations Page  AC 8 , sort by Organisation name",
              "timedOut": null,
              "duration": 15715,
              "state": "failed",
              "speed": null,
              "pass": false,
              "fail": true,
              "pending": false,
              "context": "[\n  {\n    \"title\": \"cypress-mochawesome-reporter-videos-failed\",\n    \"value\": \"cypress/e2e/manageVCSOrgs/manVCS-dfeAdmin-ViewOrgPage.spec.js\"\n  },\n  {\n    \"title\": \"cypress-mochawesome-reporter-screenshots\",\n    \"value\": [\n      [\n        \"/manageVCSOrgs/manVCS-dfeAdmin-ViewOrgPage.spec.js/manVCS-ViewOrgPage.spec  FHG-3799 Manage VCS - View Organisations Page -- AC 8 , sort by Organisation name (failed).png\"\n      ]\n    ]\n  }\n]",
              "code": "cy.visit('/');\ncy.dfeAdminWelcomePage();\n//manage VCS link\ncy.manVcsLink();\n//check initial sort order on contact name\ncy.checkSortOrder(0, 'none');\n//click on Organisation name heading link\ncy.contains('Organisation').click();\n//check sort order on contact name\ncy.checkSortOrder(0, 'ascending');\n//click on Organisation name heading link\ncy.contains('Organisation').click();\n//check sort order on contact name\ncy.checkSortOrder(0, 'descending');",
              "err": {
                "message": "AssertionError: Timed out retrying after 15000ms: Expected to find content: 'Department for Education' within the element: <div.govuk-grid-column-two-thirds> but never did.",
                "estack": "AssertionError: Timed out retrying after 15000ms: Expected to find content: 'Department for Education' within the element: <div.govuk-grid-column-two-thirds> but never did.\n    at Context.eval (webpack:///./cypress/support/commands.js:56:44)",
                "diff": null
              },
              "uuid": "f35452ec-67d3-4780-92ec-7753de9b8f00",
              "parentUUID": "67e841b8-807e-451d-b549-168bd787ae2f",
              "isHook": false,
              "skipped": false
            },
            {
              "title": "AC 9 , sort by Local authority",
              "fullTitle": "|manVCS-ViewOrgPage.spec | FHG-3799 Manage VCS - View Organisations Page  AC 9 , sort by Local authority",
              "timedOut": null,
              "duration": 15825,
              "state": "failed",
              "speed": null,
              "pass": false,
              "fail": true,
              "pending": false,
              "context": "[\n  {\n    \"title\": \"cypress-mochawesome-reporter-videos-failed\",\n    \"value\": \"cypress/e2e/manageVCSOrgs/manVCS-dfeAdmin-ViewOrgPage.spec.js\"\n  },\n  {\n    \"title\": \"cypress-mochawesome-reporter-screenshots\",\n    \"value\": [\n      [\n        \"/manageVCSOrgs/manVCS-dfeAdmin-ViewOrgPage.spec.js/manVCS-ViewOrgPage.spec  FHG-3799 Manage VCS - View Organisations Page -- AC 9 , sort by Local authority (failed).png\"\n      ]\n    ]\n  }\n]",
              "code": "cy.visit('/');\ncy.dfeAdminWelcomePage();\n//manage VCS link\ncy.manVcsLink();\n//check initial sort order on contact name\ncy.checkSortOrder(1, 'none');\n//click on Local authority heading link\ncy.contains('Local authority').click();\n//check sort order on contact name\ncy.checkSortOrder(1, 'ascending');\n//click on Local authority heading link\ncy.contains('Local authority').click();\n//check sort order on contact name\ncy.checkSortOrder(1, 'descending');",
              "err": {
                "message": "AssertionError: Timed out retrying after 15000ms: Expected to find content: 'Department for Education' within the element: <div.govuk-grid-column-two-thirds> but never did.",
                "estack": "AssertionError: Timed out retrying after 15000ms: Expected to find content: 'Department for Education' within the element: <div.govuk-grid-column-two-thirds> but never did.\n    at Context.eval (webpack:///./cypress/support/commands.js:56:44)",
                "diff": null
              },
              "uuid": "81d94f7b-d383-4848-9741-e073213fde8c",
              "parentUUID": "67e841b8-807e-451d-b549-168bd787ae2f",
              "isHook": false,
              "skipped": false
            }
          ],
          "suites": [],
          "passes": [],
          "failures": [
            "1c784d85-5de7-44b8-9934-97a93bcff895",
            "f6e4e631-0aec-430b-8d23-94d650aa0e75",
            "e49bbd28-d10e-4ea0-a942-ef4364d64b9b",
            "a17b82c4-c7bb-46f6-95d0-0a21182ae647",
            "f35452ec-67d3-4780-92ec-7753de9b8f00",
            "81d94f7b-d383-4848-9741-e073213fde8c"
          ],
          "pending": [],
          "skipped": [],
          "duration": 94984,
          "root": false,
          "rootEmpty": false,
          "_timeout": 2000
        }
      ],
      "passes": [],
      "failures": [],
      "pending": [],
      "skipped": [],
      "duration": 0,
      "root": true,
      "rootEmpty": true,
      "_timeout": 2000
    }
  ],
  "meta": {
    "mocha": {
      "version": "7.0.1"
    },
    "mochawesome": {
      "options": {
        "quiet": false,
        "reportFilename": "mochawesome",
        "saveHtml": false,
        "saveJson": true,
        "consoleReporter": "spec",
        "useInlineDiffs": false,
        "code": true
      },
      "version": "7.1.3"
    },
    "marge": {
      "options": {
        "overwrite": false,
        "html": false,
        "json": true,
        "reportDir": "cypress/reports/html/.jsons"
      },
      "version": "6.2.0"
    }
  }
}