{
  "stats": {
    "suites": 1,
    "tests": 10,
    "passes": 10,
    "pending": 0,
    "failures": 0,
    "start": "2023-08-07T06:46:21.961Z",
    "end": "2023-08-07T06:47:14.767Z",
    "duration": 52806,
    "testsRegistered": 10,
    "passPercent": 100,
    "pendingPercent": 0,
    "other": 0,
    "hasOther": false,
    "skipped": 0,
    "hasSkipped": false
  },
  "results": [
    {
      "uuid": "ea6fe753-015f-4320-ab65-f5db2b259eb2",
      "title": "",
      "fullFile": "cypress/e2e/managePermissions/manPerm-dfeAdmin-managePermissionsPage.spec.js",
      "file": "cypress/e2e/managePermissions/manPerm-dfeAdmin-managePermissionsPage.spec.js",
      "beforeHooks": [],
      "afterHooks": [],
      "tests": [],
      "suites": [
        {
          "uuid": "1703c05f-dbe0-4aef-bf96-df5d9ea686e3",
          "title": "| manPerm-managePermissionsPage.spec | FHG-1617 Manage permissions ( Manage User Permissions) Page ",
          "fullFile": "",
          "file": "",
          "beforeHooks": [],
          "afterHooks": [],
          "tests": [
            {
              "title": "AC 1 , 4 - page content , back link ",
              "fullTitle": "| manPerm-managePermissionsPage.spec | FHG-1617 Manage permissions ( Manage User Permissions) Page  AC 1 , 4 - page content , back link ",
              "timedOut": null,
              "duration": 3976,
              "state": "passed",
              "speed": "fast",
              "pass": true,
              "fail": false,
              "pending": false,
              "context": "{\n  \"title\": \"cypress-mochawesome-reporter-videos-passed\",\n  \"value\": \"cypress/e2e/managePermissions/manPerm-dfeAdmin-managePermissionsPage.spec.js\"\n}",
              "code": "cy.visit('/');\ncy.dfeAdminWelcomePage();\n//manage permissions link \ncy.managePermissionsLink();\ncy.managePermissionsPage();\n// back link\ncy.get('.govuk-back-link').click();\ncy.dfeAdminWelcomePage();",
              "err": {},
              "uuid": "3bcb50ff-55b0-4337-b3ad-f7409b02f9d2",
              "parentUUID": "1703c05f-dbe0-4aef-bf96-df5d9ea686e3",
              "isHook": false,
              "skipped": false
            },
            {
              "title": "AC 2 - edit permissions link ",
              "fullTitle": "| manPerm-managePermissionsPage.spec | FHG-1617 Manage permissions ( Manage User Permissions) Page  AC 2 - edit permissions link ",
              "timedOut": null,
              "duration": 3093,
              "state": "passed",
              "speed": "fast",
              "pass": true,
              "fail": false,
              "pending": false,
              "context": "{\n  \"title\": \"cypress-mochawesome-reporter-videos-passed\",\n  \"value\": \"cypress/e2e/managePermissions/manPerm-dfeAdmin-managePermissionsPage.spec.js\"\n}",
              "code": "cy.visit('/');\ncy.dfeAdminWelcomePage();\n//manage permissions link\ncy.managePermissionsLink();\ncy.managePermissionsPage();\n// delete permissions link\ncy.editPermissionsLink();",
              "err": {},
              "uuid": "5e6555c4-29eb-4237-bbbf-4d0db426905b",
              "parentUUID": "1703c05f-dbe0-4aef-bf96-df5d9ea686e3",
              "isHook": false,
              "skipped": false
            },
            {
              "title": "AC 3 - delete permissions link ",
              "fullTitle": "| manPerm-managePermissionsPage.spec | FHG-1617 Manage permissions ( Manage User Permissions) Page  AC 3 - delete permissions link ",
              "timedOut": null,
              "duration": 2170,
              "state": "passed",
              "speed": "fast",
              "pass": true,
              "fail": false,
              "pending": false,
              "context": "{\n  \"title\": \"cypress-mochawesome-reporter-videos-passed\",\n  \"value\": \"cypress/e2e/managePermissions/manPerm-dfeAdmin-managePermissionsPage.spec.js\"\n}",
              "code": "cy.visit('/');\ncy.dfeAdminWelcomePage();\n//manage permissions link\ncy.managePermissionsLink();\ncy.managePermissionsPage();\n// delete permissions link\ncy.deletePermissionsLink();",
              "err": {},
              "uuid": "31ee394e-3ac5-40fc-8a9f-a7b3b9fd7334",
              "parentUUID": "1703c05f-dbe0-4aef-bf96-df5d9ea686e3",
              "isHook": false,
              "skipped": false
            },
            {
              "title": "AC 5 - Type of user filters - Both LA and VCS ",
              "fullTitle": "| manPerm-managePermissionsPage.spec | FHG-1617 Manage permissions ( Manage User Permissions) Page  AC 5 - Type of user filters - Both LA and VCS ",
              "timedOut": null,
              "duration": 7733,
              "state": "passed",
              "speed": "medium",
              "pass": true,
              "fail": false,
              "pending": false,
              "context": "{\n  \"title\": \"cypress-mochawesome-reporter-videos-passed\",\n  \"value\": \"cypress/e2e/managePermissions/manPerm-dfeAdmin-managePermissionsPage.spec.js\"\n}",
              "code": "cy.visit('/');\ncy.dfeAdminWelcomePage();\n//manage permissions link\ncy.managePermissionsLink();\ncy.managePermissionsPage();\ncy.clearFilters();\n// apply LA filter \ncy.typeOfUserFilter('la');\ncy.contains('Redbridge');\ncy.clearFilters();\n// apply VCS filter\ncy.contains('Cranbrook');\ncy.clearFilters();\n//apply both filters \ncy.typeOfUserFilter('both');\n// add validations\n// first page has VCS \ncy.contains('Cranbrook');\n// last page has LA \ncy.get(':nth-child(4) > .govuk-pagination__link').click();\ncy.contains('Redbridge');",
              "err": {},
              "uuid": "0d305ae6-1017-4f6f-bf17-25d81c6d9e27",
              "parentUUID": "1703c05f-dbe0-4aef-bf96-df5d9ea686e3",
              "isHook": false,
              "skipped": false
            },
            {
              "title": "AC 6 - Name , Email , Organisation filter",
              "fullTitle": "| manPerm-managePermissionsPage.spec | FHG-1617 Manage permissions ( Manage User Permissions) Page  AC 6 - Name , Email , Organisation filter",
              "timedOut": null,
              "duration": 15302,
              "state": "passed",
              "speed": "slow",
              "pass": true,
              "fail": false,
              "pending": false,
              "context": "{\n  \"title\": \"cypress-mochawesome-reporter-videos-passed\",\n  \"value\": \"cypress/e2e/managePermissions/manPerm-dfeAdmin-managePermissionsPage.spec.js\"\n}",
              "code": "cy.visit('/');\ncy.dfeAdminWelcomePage();\n//manage permissions link\ncy.managePermissionsLink();\ncy.managePermissionsPage();\ncy.clearFilters();\n// name filter \ncy.nameFilter('1688045232974John Smith');\ncy.get('form > .govuk-grid-row > .govuk-grid-column-two-thirds').contains('1688045232974John Smith');\ncy.clearFilters();\n// email filter \ncy.emailFilter('1688539487973++abcdef@def.co.uk');\ncy.get('form > .govuk-grid-row > .govuk-grid-column-two-thirds').contains('1688539487973++abcdef@def.co.uk');\ncy.clearFilters();\n// organisation filter\ncy.organisationFilter('Cranbrook Baptist Church');\ncy.get('form > .govuk-grid-row > .govuk-grid-column-two-thirds').contains('Cranbrook Baptist Church');\ncy.clearFilters();\n// \ncy.organisationFilter('Suffolk County Council');\ncy.get('form > .govuk-grid-row > .govuk-grid-column-two-thirds').contains('Suffolk County Council');\ncy.clearFilters();",
              "err": {},
              "uuid": "c2425ed6-0c2b-4270-98f8-1172ab8e917d",
              "parentUUID": "1703c05f-dbe0-4aef-bf96-df5d9ea686e3",
              "isHook": false,
              "skipped": false
            },
            {
              "title": "AC 8 , 9 - no result found  + Clear filter",
              "fullTitle": "| manPerm-managePermissionsPage.spec | FHG-1617 Manage permissions ( Manage User Permissions) Page  AC 8 , 9 - no result found  + Clear filter",
              "timedOut": null,
              "duration": 4462,
              "state": "passed",
              "speed": "fast",
              "pass": true,
              "fail": false,
              "pending": false,
              "context": "{\n  \"title\": \"cypress-mochawesome-reporter-videos-passed\",\n  \"value\": \"cypress/e2e/managePermissions/manPerm-dfeAdmin-managePermissionsPage.spec.js\"\n}",
              "code": "cy.visit('/');\ncy.dfeAdminWelcomePage();\n//manage permissions link\ncy.managePermissionsLink();\ncy.managePermissionsPage();\ncy.get('form > .govuk-grid-row > .govuk-grid-column-two-thirds').should('not.be.empty');\ncy.clearFilters();\n// name filter \ncy.nameFilter('James Bond');\ncy.contains('No results found');\ncy.contains('Try again by changing or removing filters you applied.');\n// clear filters \ncy.clearFilters();\ncy.get('form > .govuk-grid-row > .govuk-grid-column-two-thirds').should('not.be.empty');",
              "err": {},
              "uuid": "249d66f5-2922-4500-808d-a512324f3206",
              "parentUUID": "1703c05f-dbe0-4aef-bf96-df5d9ea686e3",
              "isHook": false,
              "skipped": false
            },
            {
              "title": "AC 11 , 12 Pagination",
              "fullTitle": "| manPerm-managePermissionsPage.spec | FHG-1617 Manage permissions ( Manage User Permissions) Page  AC 11 , 12 Pagination",
              "timedOut": null,
              "duration": 6448,
              "state": "passed",
              "speed": "medium",
              "pass": true,
              "fail": false,
              "pending": false,
              "context": "{\n  \"title\": \"cypress-mochawesome-reporter-videos-passed\",\n  \"value\": \"cypress/e2e/managePermissions/manPerm-dfeAdmin-managePermissionsPage.spec.js\"\n}",
              "code": "cy.visit('/');\ncy.dfeAdminWelcomePage();\n//manage permissions link\ncy.managePermissionsLink();\ncy.managePermissionsPage();\ncy.get('form > .govuk-grid-row > .govuk-grid-column-two-thirds').should('not.be.empty');\n// first page\ncy.get('.govuk-pagination__item--current > .govuk-pagination__link').click();\ncy.url().should('include', 'pageNumber=1');\n// second page\ncy.get('.govuk-pagination__list > :nth-child(2) > .govuk-pagination__link').click();\ncy.url().should('include', 'pageNumber=2');\n// next page \ncy.get('.govuk-pagination__next > .govuk-pagination__link').click();\ncy.url().should('include', 'pageNumber=3');\n// last page \ncy.get(':nth-child(6) > .govuk-pagination__link').click();\ncy.get('.govuk-pagination__next > .govuk-pagination__link').should('not.exist');",
              "err": {},
              "uuid": "5278db25-1025-40a1-8540-2a120a1c3cba",
              "parentUUID": "1703c05f-dbe0-4aef-bf96-df5d9ea686e3",
              "isHook": false,
              "skipped": false
            },
            {
              "title": " Name - sort by Organisation name",
              "fullTitle": "| manPerm-managePermissionsPage.spec | FHG-1617 Manage permissions ( Manage User Permissions) Page   Name - sort by Organisation name",
              "timedOut": null,
              "duration": 3082,
              "state": "passed",
              "speed": "fast",
              "pass": true,
              "fail": false,
              "pending": false,
              "context": "{\n  \"title\": \"cypress-mochawesome-reporter-videos-passed\",\n  \"value\": \"cypress/e2e/managePermissions/manPerm-dfeAdmin-managePermissionsPage.spec.js\"\n}",
              "code": "cy.visit('/');\ncy.dfeAdminWelcomePage();\n//manage permissions link\ncy.managePermissionsLink();\ncy.managePermissionsPage();\n//check initial sort order on contact name\ncy.checkSortOrder(0, 'none');\n//click on Organisation name heading link\ncy.get('form > .govuk-grid-row > .govuk-grid-column-two-thirds').contains('Name').click();\n//check sort order on contact name\ncy.checkSortOrder(0, 'ascending');\n//click on Organisation name heading link\ncy.get('form > .govuk-grid-row > .govuk-grid-column-two-thirds').contains('Name').click();\n//check sort order on contact name\ncy.checkSortOrder(0, 'descending');",
              "err": {},
              "uuid": "a2a491bc-529d-4dc5-8e7e-6f88865f1cb7",
              "parentUUID": "1703c05f-dbe0-4aef-bf96-df5d9ea686e3",
              "isHook": false,
              "skipped": false
            },
            {
              "title": "Email address , sort by Email address",
              "fullTitle": "| manPerm-managePermissionsPage.spec | FHG-1617 Manage permissions ( Manage User Permissions) Page  Email address , sort by Email address",
              "timedOut": null,
              "duration": 3004,
              "state": "passed",
              "speed": "fast",
              "pass": true,
              "fail": false,
              "pending": false,
              "context": "{\n  \"title\": \"cypress-mochawesome-reporter-videos-passed\",\n  \"value\": \"cypress/e2e/managePermissions/manPerm-dfeAdmin-managePermissionsPage.spec.js\"\n}",
              "code": "cy.visit('/');\ncy.dfeAdminWelcomePage();\n//manage permissions link\ncy.managePermissionsLink();\ncy.managePermissionsPage();\n//check initial sort order on contact name\ncy.checkSortOrder(1, 'none');\n//click on Organisation name heading link\ncy.get('form > .govuk-grid-row > .govuk-grid-column-two-thirds').contains('Email address').click();\n//check sort order on contact name\ncy.checkSortOrder(1, 'ascending');\n//click on Organisation name heading link\ncy.get('form > .govuk-grid-row > .govuk-grid-column-two-thirds').contains('Email address').click();\n//check sort order on contact name\ncy.checkSortOrder(1, 'descending');",
              "err": {},
              "uuid": "50ed10fe-7070-4412-8c92-8fc6c605e40e",
              "parentUUID": "1703c05f-dbe0-4aef-bf96-df5d9ea686e3",
              "isHook": false,
              "skipped": false
            },
            {
              "title": "Works for , sort by Works for",
              "fullTitle": "| manPerm-managePermissionsPage.spec | FHG-1617 Manage permissions ( Manage User Permissions) Page  Works for , sort by Works for",
              "timedOut": null,
              "duration": 3286,
              "state": "passed",
              "speed": "fast",
              "pass": true,
              "fail": false,
              "pending": false,
              "context": "{\n  \"title\": \"cypress-mochawesome-reporter-videos-passed\",\n  \"value\": \"cypress/e2e/managePermissions/manPerm-dfeAdmin-managePermissionsPage.spec.js\"\n}",
              "code": "cy.visit('/');\ncy.dfeAdminWelcomePage();\n//manage permissions link\ncy.managePermissionsLink();\ncy.managePermissionsPage();\n//check initial sort order on contact name\ncy.checkSortOrder(2, 'none');\n//click on Organisation name heading link\ncy.get('form > .govuk-grid-row > .govuk-grid-column-two-thirds').contains('Works for').click();\n//check sort order on contact name\ncy.checkSortOrder(2, 'ascending');\n//click on Organisation name heading link\ncy.get('form > .govuk-grid-row > .govuk-grid-column-two-thirds').contains('Works for').click();\n//check sort order on contact name\ncy.checkSortOrder(2, 'descending');",
              "err": {},
              "uuid": "a9277162-eb80-41d8-9499-d4e816021a94",
              "parentUUID": "1703c05f-dbe0-4aef-bf96-df5d9ea686e3",
              "isHook": false,
              "skipped": false
            }
          ],
          "suites": [],
          "passes": [
            "3bcb50ff-55b0-4337-b3ad-f7409b02f9d2",
            "5e6555c4-29eb-4237-bbbf-4d0db426905b",
            "31ee394e-3ac5-40fc-8a9f-a7b3b9fd7334",
            "0d305ae6-1017-4f6f-bf17-25d81c6d9e27",
            "c2425ed6-0c2b-4270-98f8-1172ab8e917d",
            "249d66f5-2922-4500-808d-a512324f3206",
            "5278db25-1025-40a1-8540-2a120a1c3cba",
            "a2a491bc-529d-4dc5-8e7e-6f88865f1cb7",
            "50ed10fe-7070-4412-8c92-8fc6c605e40e",
            "a9277162-eb80-41d8-9499-d4e816021a94"
          ],
          "failures": [],
          "pending": [],
          "skipped": [],
          "duration": 52556,
          "root": false,
          "rootEmpty": false,
          "_timeout": 2000
        }
      ],
      "passes": [],
      "failures": [],
      "pending": [],
      "skipped": [],
      "duration": 0,
      "root": true,
      "rootEmpty": true,
      "_timeout": 2000
    }
  ],
  "meta": {
    "mocha": {
      "version": "7.0.1"
    },
    "mochawesome": {
      "options": {
        "quiet": false,
        "reportFilename": "mochawesome",
        "saveHtml": false,
        "saveJson": true,
        "consoleReporter": "spec",
        "useInlineDiffs": false,
        "code": true
      },
      "version": "7.1.3"
    },
    "marge": {
      "options": {
        "overwrite": false,
        "html": false,
        "json": true,
        "reportDir": "cypress/reports/html/.jsons"
      },
      "version": "6.2.0"
    }
  }
}