{
  "stats": {
    "suites": 1,
    "tests": 1,
    "passes": 0,
    "pending": 0,
    "failures": 1,
    "start": "2023-08-07T06:50:19.454Z",
    "end": "2023-08-07T06:50:19.929Z",
    "duration": 475,
    "testsRegistered": 1,
    "passPercent": 0,
    "pendingPercent": 0,
    "other": 0,
    "hasOther": false,
    "skipped": 0,
    "hasSkipped": false
  },
  "results": [
    {
      "uuid": "2ca3c1e8-4ee2-4788-ba32-05c315798dc4",
      "title": "",
      "fullFile": "cypress/e2e/manageVCSOrgs/manVCS-dfeAdmin-addVcsConfirmPage.spec.js",
      "file": "cypress/e2e/manageVCSOrgs/manVCS-dfeAdmin-addVcsConfirmPage.spec.js",
      "beforeHooks": [],
      "afterHooks": [],
      "tests": [],
      "suites": [
        {
          "uuid": "41afa8b0-c3f3-495e-84f1-9e9fec24aff3",
          "title": "| manVCS-addVcsConfirmPage.spec | FHG-3803 Manage VCS - add Organisations ConfirmationPage ",
          "fullFile": "",
          "file": "",
          "beforeHooks": [],
          "afterHooks": [],
          "tests": [
            {
              "title": "AC 1,2,3  Add VCS Org confirmation page",
              "fullTitle": "| manVCS-addVcsConfirmPage.spec | FHG-3803 Manage VCS - add Organisations ConfirmationPage  AC 1,2,3  Add VCS Org confirmation page",
              "timedOut": null,
              "duration": 413,
              "state": "failed",
              "speed": null,
              "pass": false,
              "fail": true,
              "pending": false,
              "context": "[\n  {\n    \"title\": \"cypress-mochawesome-reporter-videos-failed\",\n    \"value\": \"cypress/e2e/manageVCSOrgs/manVCS-dfeAdmin-addVcsConfirmPage.spec.js\"\n  },\n  {\n    \"title\": \"cypress-mochawesome-reporter-screenshots\",\n    \"value\": [\n      [\n        \"/manageVCSOrgs/manVCS-dfeAdmin-addVcsConfirmPage.spec.js/ manVCS-addVcsConfirmPage.spec  FHG-3803 Manage VCS - add Organisations ConfirmationPage -- AC 1,2,3  Add VCS Org confirmation page (failed).png\"\n      ]\n    ]\n  }\n]",
              "code": "cy.visit('/');\ncy.dfeAdminWelcomePagecomePage();\n//manage VCS link\ncy.manVcsLink();\ncy.get('.govuk-pagination__list > :nth-child(2) > .govuk-pagination__link').click();\ncy.get(':nth-child(5) > .govuk-pagination__link').click();\ncy.get(':nth-child(2) > .govuk-table__cell--numeric').contains('View').click();\ncy.editVcsName(n + 'Test VCS Org 001');\ncy.get('#buttonContinue').click();\ncy.addVcsOrgConfirm();\ncy.dfeAdminWelcomePagecomePage();",
              "err": {
                "message": "TypeError: cy.dfeAdminWelcomePagecomePage is not a function",
                "estack": "TypeError: cy.dfeAdminWelcomePagecomePage is not a function\n    at Context.eval (webpack:///./cypress/e2e/manageVCSOrgs/manVCS-dfeAdmin-addVcsConfirmPage.spec.js:8:11)",
                "diff": null
              },
              "uuid": "542e0879-a452-4953-aae1-f7b551fdbe38",
              "parentUUID": "41afa8b0-c3f3-495e-84f1-9e9fec24aff3",
              "isHook": false,
              "skipped": false
            }
          ],
          "suites": [],
          "passes": [],
          "failures": [
            "542e0879-a452-4953-aae1-f7b551fdbe38"
          ],
          "pending": [],
          "skipped": [],
          "duration": 413,
          "root": false,
          "rootEmpty": false,
          "_timeout": 2000
        }
      ],
      "passes": [],
      "failures": [],
      "pending": [],
      "skipped": [],
      "duration": 0,
      "root": true,
      "rootEmpty": true,
      "_timeout": 2000
    }
  ],
  "meta": {
    "mocha": {
      "version": "7.0.1"
    },
    "mochawesome": {
      "options": {
        "quiet": false,
        "reportFilename": "mochawesome",
        "saveHtml": false,
        "saveJson": true,
        "consoleReporter": "spec",
        "useInlineDiffs": false,
        "code": true
      },
      "version": "7.1.3"
    },
    "marge": {
      "options": {
        "overwrite": false,
        "html": false,
        "json": true,
        "reportDir": "cypress/reports/html/.jsons"
      },
      "version": "6.2.0"
    }
  }
}