{
  "stats": {
    "suites": 1,
    "tests": 3,
    "passes": 0,
    "pending": 0,
    "failures": 3,
    "start": "2023-08-04T13:58:11.910Z",
    "end": "2023-08-04T13:59:02.148Z",
    "duration": 50238,
    "testsRegistered": 3,
    "passPercent": 0,
    "pendingPercent": 0,
    "other": 0,
    "hasOther": false,
    "skipped": 0,
    "hasSkipped": false
  },
  "results": [
    {
      "uuid": "3cc537a5-db8b-4d47-bfb1-1617ac05a8d7",
      "title": "",
      "fullFile": "cypress/e2e/addPermissions/addPerm-LAMan-typeOfRole.spec.js",
      "file": "cypress/e2e/addPermissions/addPerm-LAMan-typeOfRole.spec.js",
      "beforeHooks": [],
      "afterHooks": [],
      "tests": [],
      "suites": [
        {
          "uuid": "4eca78aa-35aa-4a4b-8529-8d0c99a8dd77",
          "title": "| addPerm-LAMan-typeOfRole.spec | FHG-3870 LA manager - Who are you adding permissions for?",
          "fullFile": "",
          "file": "",
          "beforeHooks": [],
          "afterHooks": [],
          "tests": [
            {
              "title": "AC 1,2,5 - LA manager - LA route - validate content Someone who works for London Borough of Redbridge , back button",
              "fullTitle": "| addPerm-LAMan-typeOfRole.spec | FHG-3870 LA manager - Who are you adding permissions for? AC 1,2,5 - LA manager - LA route - validate content Someone who works for London Borough of Redbridge , back button",
              "timedOut": null,
              "duration": 18700,
              "state": "failed",
              "speed": null,
              "pass": false,
              "fail": true,
              "pending": false,
              "context": "[\n  {\n    \"title\": \"cypress-mochawesome-reporter-videos-failed\",\n    \"value\": \"cypress/e2e/addPermissions/addPerm-LAMan-typeOfRole.spec.js\"\n  },\n  {\n    \"title\": \"cypress-mochawesome-reporter-screenshots\",\n    \"value\": [\n      [\n        \"/addPermissions/addPerm-LAMan-typeOfRole.spec.js/ addPerm-LAMan-typeOfRole.spec  FHG-3870 LA manager - Who are you adding permissions for -- AC 1,2,5 - LA manager - LA route - validate content Someone who works for London Borough of Redbridge , back button (failed).png\"\n      ]\n    ]\n  }\n]",
              "code": "cy.visit('/');\ncy.LAManWelcomePage('London Borough of Redbridge');\ncy.addPermissions();\ncy.LAManTypeOfUserPage('London Borough of Redbridge', 'la');\n// What do they need to do? page \ncy.typeOfUserLA('1');\n// back link\ncy.get('.govuk-back-link').click();\ncy.contains('What do they need to do?');\n// previous page selection is retained \ncy.get('[data-testid=\"LaManager\"]').should('be.checked');\n// back link\ncy.get('.govuk-back-link').click();\ncy.contains('Who are you adding permissions for?');\n// back link\ncy.get('.govuk-back-link').click();",
              "err": {
                "message": "AssertionError: Timed out retrying after 15000ms: Expected to find content: 'London Borough of Redbridge' within the element: <div.govuk-grid-column-two-thirds> but never did.",
                "estack": "AssertionError: Timed out retrying after 15000ms: Expected to find content: 'London Borough of Redbridge' within the element: <div.govuk-grid-column-two-thirds> but never did.\n    at Context.eval (webpack:///./cypress/support/commands.js:73:44)",
                "diff": null
              },
              "uuid": "1c8bb7a0-c5d5-4546-9b36-be5863b3dcf8",
              "parentUUID": "4eca78aa-35aa-4a4b-8529-8d0c99a8dd77",
              "isHook": false,
              "skipped": false
            },
            {
              "title": "AC 3 - VCS route -  Make connection requests to voluntary and community sector services - option",
              "fullTitle": "| addPerm-LAMan-typeOfRole.spec | FHG-3870 LA manager - Who are you adding permissions for? AC 3 - VCS route -  Make connection requests to voluntary and community sector services - option",
              "timedOut": null,
              "duration": 15723,
              "state": "failed",
              "speed": null,
              "pass": false,
              "fail": true,
              "pending": false,
              "context": "[\n  {\n    \"title\": \"cypress-mochawesome-reporter-videos-failed\",\n    \"value\": \"cypress/e2e/addPermissions/addPerm-LAMan-typeOfRole.spec.js\"\n  },\n  {\n    \"title\": \"cypress-mochawesome-reporter-screenshots\",\n    \"value\": [\n      [\n        \"/addPermissions/addPerm-LAMan-typeOfRole.spec.js/ addPerm-LAMan-typeOfRole.spec  FHG-3870 LA manager - Who are you adding permissions for -- AC 3 - VCS route -  Make connection requests to voluntary and community sector services - option (failed).png\"\n      ]\n    ]\n  }\n]",
              "code": "cy.visit('/');\ncy.LAManWelcomePage('London Borough of Redbridge');\ncy.addPermissions();\ncy.LAManTypeOfUserPage('London Borough of Redbridge', 'vcs');\n// What do they need to do? page \ncy.typeOfUserVCS('1');\n// back link\ncy.get('.govuk-back-link').click();\ncy.contains('What do they need to do?');\n// previous page selection is retained \ncy.get('[data-testid=\"VcsManager\"]').should('be.checked');\n// back link\ncy.get('.govuk-back-link').click();\ncy.contains('Who are you adding permissions for?');\n// back link\ncy.get('.govuk-back-link').click();",
              "err": {
                "message": "AssertionError: Timed out retrying after 15000ms: Expected to find content: 'London Borough of Redbridge' within the element: <div.govuk-grid-column-two-thirds> but never did.",
                "estack": "AssertionError: Timed out retrying after 15000ms: Expected to find content: 'London Borough of Redbridge' within the element: <div.govuk-grid-column-two-thirds> but never did.\n    at Context.eval (webpack:///./cypress/support/commands.js:73:44)",
                "diff": null
              },
              "uuid": "08a3423f-83d0-4077-a753-154ddeb1b374",
              "parentUUID": "4eca78aa-35aa-4a4b-8529-8d0c99a8dd77",
              "isHook": false,
              "skipped": false
            },
            {
              "title": "AC 4 - LA - no selection - error message",
              "fullTitle": "| addPerm-LAMan-typeOfRole.spec | FHG-3870 LA manager - Who are you adding permissions for? AC 4 - LA - no selection - error message",
              "timedOut": null,
              "duration": 15707,
              "state": "failed",
              "speed": null,
              "pass": false,
              "fail": true,
              "pending": false,
              "context": "[\n  {\n    \"title\": \"cypress-mochawesome-reporter-videos-failed\",\n    \"value\": \"cypress/e2e/addPermissions/addPerm-LAMan-typeOfRole.spec.js\"\n  },\n  {\n    \"title\": \"cypress-mochawesome-reporter-screenshots\",\n    \"value\": [\n      [\n        \"/addPermissions/addPerm-LAMan-typeOfRole.spec.js/ addPerm-LAMan-typeOfRole.spec  FHG-3870 LA manager - Who are you adding permissions for -- AC 4 - LA - no selection - error message (failed).png\"\n      ]\n    ]\n  }\n]",
              "code": "cy.visit('/');\ncy.LAManWelcomePage('London Borough of Redbridge');\ncy.addPermissions();\ncy.LAManTypeOfUserPage('London Borough of Redbridge', 'vcs');\n// error message when user does not select one of the options\ncy.get('.govuk-button').click();\ncy.get('.govuk-error-summary').contains('There is a problem');\ncy.get('.govuk-error-summary').contains('Select what they need to do');\n// What do they need to do? page \ncy.typeOfUserVCS('1');",
              "err": {
                "message": "AssertionError: Timed out retrying after 15000ms: Expected to find content: 'London Borough of Redbridge' within the element: <div.govuk-grid-column-two-thirds> but never did.",
                "estack": "AssertionError: Timed out retrying after 15000ms: Expected to find content: 'London Borough of Redbridge' within the element: <div.govuk-grid-column-two-thirds> but never did.\n    at Context.eval (webpack:///./cypress/support/commands.js:73:44)",
                "diff": null
              },
              "uuid": "3b56d5e0-03ce-44c1-a0f6-fbccfdd9a00c",
              "parentUUID": "4eca78aa-35aa-4a4b-8529-8d0c99a8dd77",
              "isHook": false,
              "skipped": false
            }
          ],
          "suites": [],
          "passes": [],
          "failures": [
            "1c8bb7a0-c5d5-4546-9b36-be5863b3dcf8",
            "08a3423f-83d0-4077-a753-154ddeb1b374",
            "3b56d5e0-03ce-44c1-a0f6-fbccfdd9a00c"
          ],
          "pending": [],
          "skipped": [],
          "duration": 50130,
          "root": false,
          "rootEmpty": false,
          "_timeout": 2000
        }
      ],
      "passes": [],
      "failures": [],
      "pending": [],
      "skipped": [],
      "duration": 0,
      "root": true,
      "rootEmpty": true,
      "_timeout": 2000
    }
  ],
  "meta": {
    "mocha": {
      "version": "7.0.1"
    },
    "mochawesome": {
      "options": {
        "quiet": false,
        "reportFilename": "mochawesome",
        "saveHtml": false,
        "saveJson": true,
        "consoleReporter": "spec",
        "useInlineDiffs": false,
        "code": true
      },
      "version": "7.1.3"
    },
    "marge": {
      "options": {
        "overwrite": false,
        "html": false,
        "json": true,
        "reportDir": "cypress/reports/html/.jsons"
      },
      "version": "6.2.0"
    }
  }
}