{
  "stats": {
    "suites": 1,
    "tests": 4,
    "passes": 4,
    "pending": 0,
    "failures": 0,
    "start": "2023-08-04T14:05:27.882Z",
    "end": "2023-08-04T14:05:44.891Z",
    "duration": 17009,
    "testsRegistered": 4,
    "passPercent": 100,
    "pendingPercent": 0,
    "other": 0,
    "hasOther": false,
    "skipped": 0,
    "hasSkipped": false
  },
  "results": [
    {
      "uuid": "a526b778-6499-4f79-82c7-f4f4e780408f",
      "title": "",
      "fullFile": "cypress/e2e/addPermissions/addPerm-vcs-dfeAdmin-whichVcsOrg.spec.js",
      "file": "cypress/e2e/addPermissions/addPerm-vcs-dfeAdmin-whichVcsOrg.spec.js",
      "beforeHooks": [],
      "afterHooks": [],
      "tests": [],
      "suites": [
        {
          "uuid": "637edc5d-1896-4771-b893-1787189f58f6",
          "title": "| addPerm-vcs-whichVcsOrg | FHG-3416 ,FHG-3754 DFE - add permissions - Which organisation do they work for?",
          "fullFile": "",
          "file": "",
          "beforeHooks": [],
          "afterHooks": [],
          "tests": [
            {
              "title": "AC 1,3,6 - recognised text - list of valid Organisations related to LA displayed in dropdown , back button,FHG-3754",
              "fullTitle": "| addPerm-vcs-whichVcsOrg | FHG-3416 ,FHG-3754 DFE - add permissions - Which organisation do they work for? AC 1,3,6 - recognised text - list of valid Organisations related to LA displayed in dropdown , back button,FHG-3754",
              "timedOut": null,
              "duration": 6397,
              "state": "passed",
              "speed": "medium",
              "pass": true,
              "fail": false,
              "pending": false,
              "context": "{\n  \"title\": \"cypress-mochawesome-reporter-videos-passed\",\n  \"value\": \"cypress/e2e/addPermissions/addPerm-vcs-dfeAdmin-whichVcsOrg.spec.js\"\n}",
              "code": "cy.pageHeadings().contains('Which organisation do they work for?');\ncy.contains(\"Their organisation must be in the directory for it to appear here. If it's not, you can add an organisation.\");\n// back button - takes user to LA page\ncy.get('.govuk-back-link').click();\ncy.contains('Which local authority area do they work in?');\n// happy path\ncy.vcsWhichLA('redbridge');\ncy.whichOrgVcs('Centre & CAMHS');\n//email page\ncy.contains(\"What's their email address?\");\n// bug FHG-3754\n// go back validate if special characters are displayed correctly \ncy.get('.govuk-back-link').click();\ncy.contains('The Grove Redbridge Child Development Centre & CAMHS');",
              "err": {},
              "uuid": "c635f9cc-f54e-4ade-bc73-fcb384a2c1a4",
              "parentUUID": "637edc5d-1896-4771-b893-1787189f58f6",
              "isHook": false,
              "skipped": false
            },
            {
              "title": "AC 2 , 4 - unrecognised text / blank - no result found displayed in dropdown , error message",
              "fullTitle": "| addPerm-vcs-whichVcsOrg | FHG-3416 ,FHG-3754 DFE - add permissions - Which organisation do they work for? AC 2 , 4 - unrecognised text / blank - no result found displayed in dropdown , error message",
              "timedOut": null,
              "duration": 3813,
              "state": "passed",
              "speed": "fast",
              "pass": true,
              "fail": false,
              "pending": false,
              "context": "{\n  \"title\": \"cypress-mochawesome-reporter-videos-passed\",\n  \"value\": \"cypress/e2e/addPermissions/addPerm-vcs-dfeAdmin-whichVcsOrg.spec.js\"\n}",
              "code": "cy.pageHeadings().contains('Which organisation do they work for?');\n// user tries to contiue without making selection \ncy.get('.govuk-button').click();\n// error message \ncy.get('.govuk-error-summary').contains('There is a problem');\ncy.get('[data-testid=\"errors-list\"] > li').contains('Select an organisation');\ncy.get('.govuk-error-summary').contains('Select an organisation');\n// unrecognised text \ncy.get('#VcsOrganisationName').type('xx');\n//No results found\ncy.get('ul#VcsOrganisationName__listbox').contains('No results found');\n// user tries to contiue \ncy.get('.govuk-button').click();\n// error message \ncy.get('.govuk-error-summary').contains('There is a problem');\ncy.get('[data-testid=\"errors-list\"] > li').contains('Select an organisation');\ncy.get('.govuk-error-summary').contains('Select an organisation');\ncy.pageHeadings().contains('Which organisation do they work for?');",
              "err": {},
              "uuid": "72a23bec-3367-458d-9183-bc8e99e72461",
              "parentUUID": "637edc5d-1896-4771-b893-1787189f58f6",
              "isHook": false,
              "skipped": false
            },
            {
              "title": "AC 5 - add organisation link - FHG-3443 - validate link exists and takes user to correct page",
              "fullTitle": "| addPerm-vcs-whichVcsOrg | FHG-3416 ,FHG-3754 DFE - add permissions - Which organisation do they work for? AC 5 - add organisation link - FHG-3443 - validate link exists and takes user to correct page",
              "timedOut": null,
              "duration": 3247,
              "state": "passed",
              "speed": "fast",
              "pass": true,
              "fail": false,
              "pending": false,
              "context": "{\n  \"title\": \"cypress-mochawesome-reporter-videos-passed\",\n  \"value\": \"cypress/e2e/addPermissions/addPerm-vcs-dfeAdmin-whichVcsOrg.spec.js\"\n}",
              "code": "cy.pageHeadings().contains('Which organisation do they work for?');\ncy.get('.govuk-hint > a').click();\ncy.contains(\"What is the organisation's name?\");",
              "err": {},
              "uuid": "300c8345-ac97-4aee-935b-436ba4064b43",
              "parentUUID": "637edc5d-1896-4771-b893-1787189f58f6",
              "isHook": false,
              "skipped": false
            },
            {
              "title": "Error page back link",
              "fullTitle": "| addPerm-vcs-whichVcsOrg | FHG-3416 ,FHG-3754 DFE - add permissions - Which organisation do they work for? Error page back link",
              "timedOut": null,
              "duration": 3504,
              "state": "passed",
              "speed": "fast",
              "pass": true,
              "fail": false,
              "pending": false,
              "context": "{\n  \"title\": \"cypress-mochawesome-reporter-videos-passed\",\n  \"value\": \"cypress/e2e/addPermissions/addPerm-vcs-dfeAdmin-whichVcsOrg.spec.js\"\n}",
              "code": "cy.pageHeadings().contains('Which organisation do they work for?');\n// user tries to contiue without making selection \ncy.get('.govuk-button').click();\n// error message \ncy.get('.govuk-error-summary').contains('There is a problem');\n// back button - takes user to What do they need to do? page\ncy.get('.govuk-back-link').click();\ncy.contains('Which local authority area do they work in?');",
              "err": {},
              "uuid": "da6b3a29-af5d-420d-8004-92fe20e8ccd1",
              "parentUUID": "637edc5d-1896-4771-b893-1787189f58f6",
              "isHook": false,
              "skipped": false
            }
          ],
          "suites": [],
          "passes": [
            "c635f9cc-f54e-4ade-bc73-fcb384a2c1a4",
            "72a23bec-3367-458d-9183-bc8e99e72461",
            "300c8345-ac97-4aee-935b-436ba4064b43",
            "da6b3a29-af5d-420d-8004-92fe20e8ccd1"
          ],
          "failures": [],
          "pending": [],
          "skipped": [],
          "duration": 16961,
          "root": false,
          "rootEmpty": false,
          "_timeout": 2000
        }
      ],
      "passes": [],
      "failures": [],
      "pending": [],
      "skipped": [],
      "duration": 0,
      "root": true,
      "rootEmpty": true,
      "_timeout": 2000
    }
  ],
  "meta": {
    "mocha": {
      "version": "7.0.1"
    },
    "mochawesome": {
      "options": {
        "quiet": false,
        "reportFilename": "mochawesome",
        "saveHtml": false,
        "saveJson": true,
        "consoleReporter": "spec",
        "useInlineDiffs": false,
        "code": true
      },
      "version": "7.1.3"
    },
    "marge": {
      "options": {
        "overwrite": false,
        "html": false,
        "json": true,
        "reportDir": "cypress/reports/html/.jsons"
      },
      "version": "6.2.0"
    }
  }
}