{
  "stats": {
    "suites": 1,
    "tests": 2,
    "passes": 2,
    "pending": 0,
    "failures": 0,
    "start": "2023-08-04T14:02:48.833Z",
    "end": "2023-08-04T14:03:12.491Z",
    "duration": 23658,
    "testsRegistered": 2,
    "passPercent": 100,
    "pendingPercent": 0,
    "other": 0,
    "hasOther": false,
    "skipped": 0,
    "hasSkipped": false
  },
  "results": [
    {
      "uuid": "7f065d87-f32c-4309-9e6e-85b1a81d559b",
      "title": "",
      "fullFile": "cypress/e2e/addPermissions/addPerm-vcs-dfeAdmin-UserName.spec.js",
      "file": "cypress/e2e/addPermissions/addPerm-vcs-dfeAdmin-UserName.spec.js",
      "beforeHooks": [],
      "afterHooks": [],
      "tests": [],
      "suites": [
        {
          "uuid": "6a004e40-bf0d-4a34-8325-7d6c831a3766",
          "title": "| addPerm-vcs-UserName | FHG-3578 DFE - add permissions - What's their full name?",
          "fullFile": "",
          "file": "",
          "beforeHooks": [],
          "afterHooks": [],
          "tests": [
            {
              "title": "AC 1, 3 - validate page content , back link ",
              "fullTitle": "| addPerm-vcs-UserName | FHG-3578 DFE - add permissions - What's their full name? AC 1, 3 - validate page content , back link ",
              "timedOut": null,
              "duration": 15281,
              "state": "passed",
              "speed": "slow",
              "pass": true,
              "fail": false,
              "pending": false,
              "context": "{\n  \"title\": \"cypress-mochawesome-reporter-videos-passed\",\n  \"value\": \"cypress/e2e/addPermissions/addPerm-vcs-dfeAdmin-UserName.spec.js\"\n}",
              "code": "cy.fullName('John Smith');\ncy.contains('Check account details');\n// back button - takes user to user name page\ncy.get('.govuk-back-link').click();\n// back button - takes user to email page\ncy.get('.govuk-back-link').click();\ncy.email('abc@def.com');\n// entering more than 256 characters\nconst longName = ['AAAAAAAAAAAAAAAAAAAAAAAAAAAAAAAAAAAAAAAAAAAAAAAAAAAAAAAAAAAAAAAAAAAAAAAAAAAAAAAAAAAAAAAAAAAAAAAAAAAAAAAAAAAAAAAAAAAAAAAAAAAAAAAAAAAAAAAAAAAAAAAAAAAAAAAAAAAAAAAAAAAAAAAAAAAAAAAAAAAAAAAAAAAAAAAAAAAAAAAAAAAAAAAAAAAAAAAAAAAAAAAAAAAAAAAAAAAAAAAAAAAAAAAAAAAAAAA'];\ncy.fullName(`${longName}`);\ncy.contains(`${longName}`);",
              "err": {},
              "uuid": "76eb0aeb-beca-4e0a-a89c-d3f5bda62c5b",
              "parentUUID": "6a004e40-bf0d-4a34-8325-7d6c831a3766",
              "isHook": false,
              "skipped": false
            },
            {
              "title": "AC 2 - no name entered - error message",
              "fullTitle": "| addPerm-vcs-UserName | FHG-3578 DFE - add permissions - What's their full name? AC 2 - no name entered - error message",
              "timedOut": null,
              "duration": 8318,
              "state": "passed",
              "speed": "medium",
              "pass": true,
              "fail": false,
              "pending": false,
              "context": "{\n  \"title\": \"cypress-mochawesome-reporter-videos-passed\",\n  \"value\": \"cypress/e2e/addPermissions/addPerm-vcs-dfeAdmin-UserName.spec.js\"\n}",
              "code": "cy.get('.govuk-button').click();\ncy.get('.govuk-error-summary').contains('There is a problem');\ncy.get('.govuk-error-summary').contains('Enter a name');\n// user is able to enter valid name after error message \ncy.fullName('John Smith');",
              "err": {},
              "uuid": "e1d0e60c-ce09-4042-80a3-6f6ade0bf789",
              "parentUUID": "6a004e40-bf0d-4a34-8325-7d6c831a3766",
              "isHook": false,
              "skipped": false
            }
          ],
          "suites": [],
          "passes": [
            "76eb0aeb-beca-4e0a-a89c-d3f5bda62c5b",
            "e1d0e60c-ce09-4042-80a3-6f6ade0bf789"
          ],
          "failures": [],
          "pending": [],
          "skipped": [],
          "duration": 23599,
          "root": false,
          "rootEmpty": false,
          "_timeout": 2000
        }
      ],
      "passes": [],
      "failures": [],
      "pending": [],
      "skipped": [],
      "duration": 0,
      "root": true,
      "rootEmpty": true,
      "_timeout": 2000
    }
  ],
  "meta": {
    "mocha": {
      "version": "7.0.1"
    },
    "mochawesome": {
      "options": {
        "quiet": false,
        "reportFilename": "mochawesome",
        "saveHtml": false,
        "saveJson": true,
        "consoleReporter": "spec",
        "useInlineDiffs": false,
        "code": true
      },
      "version": "7.1.3"
    },
    "marge": {
      "options": {
        "overwrite": false,
        "html": false,
        "json": true,
        "reportDir": "cypress/reports/html/.jsons"
      },
      "version": "6.2.0"
    }
  }
}