{
  "stats": {
    "suites": 1,
    "tests": 3,
    "passes": 1,
    "pending": 0,
    "failures": 2,
    "start": "2023-08-04T14:11:27.747Z",
    "end": "2023-08-04T14:12:08.967Z",
    "duration": 41220,
    "testsRegistered": 3,
    "passPercent": 33.33333333333333,
    "pendingPercent": 0,
    "other": 0,
    "hasOther": false,
    "skipped": 0,
    "hasSkipped": false
  },
  "results": [
    {
      "uuid": "c3a0593f-5440-4e44-b345-85fe53e85a99",
      "title": "",
      "fullFile": "cypress/e2e/mobile-e2e-journeys/dfeAdmin-addPerm-la-e2ejourney-mobile.spec.js",
      "file": "cypress/e2e/mobile-e2e-journeys/dfeAdmin-addPerm-la-e2ejourney-mobile.spec.js",
      "beforeHooks": [],
      "afterHooks": [],
      "tests": [],
      "suites": [
        {
          "uuid": "bd2097db-03c6-4cff-99ea-1fa472c3c42c",
          "title": "| 📱 addPerm-la-e2ejourney-mobile |",
          "fullFile": "",
          "file": "",
          "beforeHooks": [],
          "afterHooks": [],
          "tests": [
            {
              "title": "ipad-mini - LA Journey - Validate mobile version",
              "fullTitle": "| 📱 addPerm-la-e2ejourney-mobile | ipad-mini - LA Journey - Validate mobile version",
              "timedOut": null,
              "duration": 9981,
              "state": "passed",
              "speed": "medium",
              "pass": true,
              "fail": false,
              "pending": false,
              "context": "{\n  \"title\": \"cypress-mochawesome-reporter-videos-passed\",\n  \"value\": \"cypress/e2e/mobile-e2e-journeys/dfeAdmin-addPerm-la-e2ejourney-mobile.spec.js\"\n}",
              "code": "cy.viewport(`ipad-mini`);\ncy.visit('/');\n// cy.startPage()\n// cy.stubLogin('dfeAdmin')\ncy.myaccountMob();\ncy.dfeAdminWelcomePage();\ncy.myaccountMob();\ncy.addPermissions();\ncy.myaccountMob();\ncy.typeOfUserPage('la');\ncy.myaccountMob();\ncy.typeOfUserLA('1');\ncy.myaccountMob();\ncy.laWhichLA('redbridge');\ncy.myaccountMob();\ncy.email(n + '+abcdef@def.com');\ncy.myaccountMob();\ncy.fullName(n + '+John Paul Smith');\ncy.myaccountMob();\ncy.checkAnswerPage();\ncy.myaccountMob();\ncy.confirmationPage(n + '+John Paul Smith');",
              "err": {},
              "uuid": "bae700c9-a6ea-4fe7-a285-37c53ebf6278",
              "parentUUID": "bd2097db-03c6-4cff-99ea-1fa472c3c42c",
              "isHook": false,
              "skipped": false
            },
            {
              "title": "iphone - LA Journey - Validate mobile version",
              "fullTitle": "| 📱 addPerm-la-e2ejourney-mobile | iphone - LA Journey - Validate mobile version",
              "timedOut": null,
              "duration": 15581,
              "state": "failed",
              "speed": null,
              "pass": false,
              "fail": true,
              "pending": false,
              "context": "[\n  {\n    \"title\": \"cypress-mochawesome-reporter-videos-failed\",\n    \"value\": \"cypress/e2e/mobile-e2e-journeys/dfeAdmin-addPerm-la-e2ejourney-mobile.spec.js\"\n  },\n  {\n    \"title\": \"cypress-mochawesome-reporter-screenshots\",\n    \"value\": [\n      [\n        \"/mobile-e2e-journeys/dfeAdmin-addPerm-la-e2ejourney-mobile.spec.js/ 📱 addPerm-la-e2ejourney-mobile -- iphone - LA Journey - Validate mobile version (failed).png\"\n      ]\n    ]\n  }\n]",
              "code": "cy.clearCookies();\ncy.viewport(`iphone-x`);\ncy.visit('/');\n// cy.startPage()\n// cy.stubLogin('dfeAdmin')\ncy.myaccountMob();\ncy.dfeAdminWelcomePage();\ncy.myaccountMob();\ncy.addPermissions();\ncy.myaccountMob();\ncy.typeOfUserPage('la');\ncy.myaccountMob();\ncy.typeOfUserLA('1');\ncy.myaccountMob();\ncy.laWhichLA('redbridge');\ncy.myaccountMob();\ncy.email(n + '-abcdef@def.com');\ncy.myaccountMob();\ncy.fullName(n + '-John Paul Smith');\ncy.myaccountMob();\ncy.checkAnswerPage();\ncy.myaccountMob();\ncy.confirmationPage(n + '-John Paul Smith');",
              "err": {
                "message": "AssertionError: Timed out retrying after 15000ms: Expected to find content: 'Sign out' within the element: <div.govuk-header__container> but never did.",
                "estack": "AssertionError: Timed out retrying after 15000ms: Expected to find content: 'Sign out' within the element: <div.govuk-header__container> but never did.\n    at Context.eval (webpack:///./cypress/support/commands.js:290:58)",
                "diff": null
              },
              "uuid": "da00c0fe-86fd-4a2b-b03d-abe485840a75",
              "parentUUID": "bd2097db-03c6-4cff-99ea-1fa472c3c42c",
              "isHook": false,
              "skipped": false
            },
            {
              "title": "samsung-s10 - LA Journey - Validate mobile version",
              "fullTitle": "| 📱 addPerm-la-e2ejourney-mobile | samsung-s10 - LA Journey - Validate mobile version",
              "timedOut": null,
              "duration": 15508,
              "state": "failed",
              "speed": null,
              "pass": false,
              "fail": true,
              "pending": false,
              "context": "[\n  {\n    \"title\": \"cypress-mochawesome-reporter-videos-failed\",\n    \"value\": \"cypress/e2e/mobile-e2e-journeys/dfeAdmin-addPerm-la-e2ejourney-mobile.spec.js\"\n  },\n  {\n    \"title\": \"cypress-mochawesome-reporter-screenshots\",\n    \"value\": [\n      [\n        \"/mobile-e2e-journeys/dfeAdmin-addPerm-la-e2ejourney-mobile.spec.js/ 📱 addPerm-la-e2ejourney-mobile -- samsung-s10 - LA Journey - Validate mobile version (failed).png\"\n      ]\n    ]\n  }\n]",
              "code": "cy.clearCookies();\ncy.viewport(`samsung-s10`);\ncy.visit('/');\n// cy.startPage()\n// cy.stubLogin('dfeAdmin')\ncy.myaccountMob();\ncy.dfeAdminWelcomePage();\ncy.myaccountMob();\ncy.addPermissions();\ncy.myaccountMob();\ncy.typeOfUserPage('la');\ncy.myaccountMob();\ncy.typeOfUserLA('1');\ncy.myaccountMob();\ncy.laWhichLA('redbridge');\ncy.myaccountMob();\ncy.email(n + 'abcdef@def.com');\ncy.myaccountMob();\ncy.fullName(n + 'John Paul Smith');\ncy.myaccountMob();\ncy.checkAnswerPage();\ncy.myaccountMob();\ncy.confirmationPage(n + 'John Paul Smith');",
              "err": {
                "message": "AssertionError: Timed out retrying after 15000ms: Expected to find content: 'Sign out' within the element: <div.govuk-header__container> but never did.",
                "estack": "AssertionError: Timed out retrying after 15000ms: Expected to find content: 'Sign out' within the element: <div.govuk-header__container> but never did.\n    at Context.eval (webpack:///./cypress/support/commands.js:290:58)",
                "diff": null
              },
              "uuid": "a394dc78-7a79-4739-8cd2-853cc477e213",
              "parentUUID": "bd2097db-03c6-4cff-99ea-1fa472c3c42c",
              "isHook": false,
              "skipped": false
            }
          ],
          "suites": [],
          "passes": [
            "bae700c9-a6ea-4fe7-a285-37c53ebf6278"
          ],
          "failures": [
            "da00c0fe-86fd-4a2b-b03d-abe485840a75",
            "a394dc78-7a79-4739-8cd2-853cc477e213"
          ],
          "pending": [],
          "skipped": [],
          "duration": 41070,
          "root": false,
          "rootEmpty": false,
          "_timeout": 2000
        }
      ],
      "passes": [],
      "failures": [],
      "pending": [],
      "skipped": [],
      "duration": 0,
      "root": true,
      "rootEmpty": true,
      "_timeout": 2000
    }
  ],
  "meta": {
    "mocha": {
      "version": "7.0.1"
    },
    "mochawesome": {
      "options": {
        "quiet": false,
        "reportFilename": "mochawesome",
        "saveHtml": false,
        "saveJson": true,
        "consoleReporter": "spec",
        "useInlineDiffs": false,
        "code": true
      },
      "version": "7.1.3"
    },
    "marge": {
      "options": {
        "overwrite": false,
        "html": false,
        "json": true,
        "reportDir": "cypress/reports/html/.jsons"
      },
      "version": "6.2.0"
    }
  }
}