{
  "stats": {
    "suites": 1,
    "tests": 6,
    "passes": 6,
    "pending": 0,
    "failures": 0,
    "start": "2023-08-04T14:11:09.453Z",
    "end": "2023-08-04T14:11:22.409Z",
    "duration": 12956,
    "testsRegistered": 6,
    "passPercent": 100,
    "pendingPercent": 0,
    "other": 0,
    "hasOther": false,
    "skipped": 0,
    "hasSkipped": false
  },
  "results": [
    {
      "uuid": "09b75504-f55d-4be8-a190-bd7d7086d384",
      "title": "",
      "fullFile": "cypress/e2e/manageVCSOrgs/manVCS-dfeAdmin-manOrgsPage.spec.js",
      "file": "cypress/e2e/manageVCSOrgs/manVCS-dfeAdmin-manOrgsPage.spec.js",
      "beforeHooks": [],
      "afterHooks": [],
      "tests": [],
      "suites": [
        {
          "uuid": "0e00d849-203e-4642-a04b-2d2f66d03b93",
          "title": "|manVCS-manOrgsPage.spec | FHG-3798 Manage VCS Organisations Page ",
          "fullFile": "",
          "file": "",
          "beforeHooks": [],
          "afterHooks": [],
          "tests": [
            {
              "title": "AC 1,5,7 - page content , back link , title ",
              "fullTitle": "|manVCS-manOrgsPage.spec | FHG-3798 Manage VCS Organisations Page  AC 1,5,7 - page content , back link , title ",
              "timedOut": null,
              "duration": 3052,
              "state": "passed",
              "speed": "fast",
              "pass": true,
              "fail": false,
              "pending": false,
              "context": "{\n  \"title\": \"cypress-mochawesome-reporter-videos-passed\",\n  \"value\": \"cypress/e2e/manageVCSOrgs/manVCS-dfeAdmin-manOrgsPage.spec.js\"\n}",
              "code": "cy.visit('/');\ncy.dfeAdminWelcomePage();\n//manage VCS link\ncy.manVcsLink();\n// back link\ncy.get('.govuk-back-link').click();\ncy.dfeAdminWelcomePage();",
              "err": {},
              "uuid": "a4b1e58c-1619-41ae-bef3-b3064e781106",
              "parentUUID": "0e00d849-203e-4642-a04b-2d2f66d03b93",
              "isHook": false,
              "skipped": false
            },
            {
              "title": "AC 2 pagination",
              "fullTitle": "|manVCS-manOrgsPage.spec | FHG-3798 Manage VCS Organisations Page  AC 2 pagination",
              "timedOut": null,
              "duration": 2828,
              "state": "passed",
              "speed": "fast",
              "pass": true,
              "fail": false,
              "pending": false,
              "context": "{\n  \"title\": \"cypress-mochawesome-reporter-videos-passed\",\n  \"value\": \"cypress/e2e/manageVCSOrgs/manVCS-dfeAdmin-manOrgsPage.spec.js\"\n}",
              "code": "cy.visit('/');\ncy.dfeAdminWelcomePage();\n//manage VCS link\ncy.manVcsLink();\ncy.get('form > .govuk-grid-row > .govuk-grid-column-two-thirds').should('not.be.empty');\n// first page\ncy.get('.govuk-pagination__item--current > .govuk-pagination__link').click();\ncy.url().should('include', 'pageNumber=1');\n// second page\ncy.get('.govuk-pagination__list > :nth-child(2) > .govuk-pagination__link').click();\ncy.url().should('include', 'pageNumber=2');\n// next page \ncy.get('.govuk-pagination__next > .govuk-pagination__link').click();\ncy.url().should('include', 'pageNumber=3');\n// last page \ncy.get(':nth-child(6) > .govuk-pagination__link').click();\ncy.get('.govuk-pagination__next > .govuk-pagination__link').should('not.exist');",
              "err": {},
              "uuid": "efb192c0-2e6c-4b4b-afc2-91b0a627056f",
              "parentUUID": "0e00d849-203e-4642-a04b-2d2f66d03b93",
              "isHook": false,
              "skipped": false
            },
            {
              "title": "AC 3 - view VCS Org ",
              "fullTitle": "|manVCS-manOrgsPage.spec | FHG-3798 Manage VCS Organisations Page  AC 3 - view VCS Org ",
              "timedOut": null,
              "duration": 1756,
              "state": "passed",
              "speed": "fast",
              "pass": true,
              "fail": false,
              "pending": false,
              "context": "{\n  \"title\": \"cypress-mochawesome-reporter-videos-passed\",\n  \"value\": \"cypress/e2e/manageVCSOrgs/manVCS-dfeAdmin-manOrgsPage.spec.js\"\n}",
              "code": "cy.visit('/');\ncy.dfeAdminWelcomePage();\n//manage VCS link\ncy.manVcsLink();\n// View VCS Org\ncy.manVcsView();",
              "err": {},
              "uuid": "2e907deb-a965-4f65-930d-42a650a27429",
              "parentUUID": "0e00d849-203e-4642-a04b-2d2f66d03b93",
              "isHook": false,
              "skipped": false
            },
            {
              "title": "AC 4 - delete VCS Org ",
              "fullTitle": "|manVCS-manOrgsPage.spec | FHG-3798 Manage VCS Organisations Page  AC 4 - delete VCS Org ",
              "timedOut": null,
              "duration": 1638,
              "state": "passed",
              "speed": "fast",
              "pass": true,
              "fail": false,
              "pending": false,
              "context": "{\n  \"title\": \"cypress-mochawesome-reporter-videos-passed\",\n  \"value\": \"cypress/e2e/manageVCSOrgs/manVCS-dfeAdmin-manOrgsPage.spec.js\"\n}",
              "code": "cy.visit('/');\ncy.dfeAdminWelcomePage();\n//manage VCS link\ncy.manVcsLink();\n// Delete VCS Org\ncy.manVcsDel();",
              "err": {},
              "uuid": "f751cb58-a812-4497-a5ec-6cffcba642b4",
              "parentUUID": "0e00d849-203e-4642-a04b-2d2f66d03b93",
              "isHook": false,
              "skipped": false
            },
            {
              "title": "AC 8 , sort by Organisation name",
              "fullTitle": "|manVCS-manOrgsPage.spec | FHG-3798 Manage VCS Organisations Page  AC 8 , sort by Organisation name",
              "timedOut": null,
              "duration": 1873,
              "state": "passed",
              "speed": "fast",
              "pass": true,
              "fail": false,
              "pending": false,
              "context": "{\n  \"title\": \"cypress-mochawesome-reporter-videos-passed\",\n  \"value\": \"cypress/e2e/manageVCSOrgs/manVCS-dfeAdmin-manOrgsPage.spec.js\"\n}",
              "code": "cy.visit('/');\ncy.dfeAdminWelcomePage();\n//manage VCS link\ncy.manVcsLink();\n//check initial sort order on contact name\ncy.checkSortOrder(0, 'none');\n//click on Organisation name heading link\ncy.contains('Organisation').click();\n//check sort order on contact name\ncy.checkSortOrder(0, 'ascending');\n//click on Organisation name heading link\ncy.contains('Organisation').click();\n//check sort order on contact name\ncy.checkSortOrder(0, 'descending');",
              "err": {},
              "uuid": "4a904912-05cf-40aa-a8e5-35663bf32837",
              "parentUUID": "0e00d849-203e-4642-a04b-2d2f66d03b93",
              "isHook": false,
              "skipped": false
            },
            {
              "title": "AC 9 , sort by Local authority",
              "fullTitle": "|manVCS-manOrgsPage.spec | FHG-3798 Manage VCS Organisations Page  AC 9 , sort by Local authority",
              "timedOut": null,
              "duration": 1727,
              "state": "passed",
              "speed": "fast",
              "pass": true,
              "fail": false,
              "pending": false,
              "context": "{\n  \"title\": \"cypress-mochawesome-reporter-videos-passed\",\n  \"value\": \"cypress/e2e/manageVCSOrgs/manVCS-dfeAdmin-manOrgsPage.spec.js\"\n}",
              "code": "cy.visit('/');\ncy.dfeAdminWelcomePage();\n//manage VCS link\ncy.manVcsLink();\n//check initial sort order on contact name\ncy.checkSortOrder(1, 'none');\n//click on Local authority heading link\ncy.contains('Local authority').click();\n//check sort order on contact name\ncy.checkSortOrder(1, 'ascending');\n//click on Local authority heading link\ncy.contains('Local authority').click();\n//check sort order on contact name\ncy.checkSortOrder(1, 'descending');",
              "err": {},
              "uuid": "c35c7243-c725-4fb9-9c23-3efce37f79d9",
              "parentUUID": "0e00d849-203e-4642-a04b-2d2f66d03b93",
              "isHook": false,
              "skipped": false
            }
          ],
          "suites": [],
          "passes": [
            "a4b1e58c-1619-41ae-bef3-b3064e781106",
            "efb192c0-2e6c-4b4b-afc2-91b0a627056f",
            "2e907deb-a965-4f65-930d-42a650a27429",
            "f751cb58-a812-4497-a5ec-6cffcba642b4",
            "4a904912-05cf-40aa-a8e5-35663bf32837",
            "c35c7243-c725-4fb9-9c23-3efce37f79d9"
          ],
          "failures": [],
          "pending": [],
          "skipped": [],
          "duration": 12874,
          "root": false,
          "rootEmpty": false,
          "_timeout": 2000
        }
      ],
      "passes": [],
      "failures": [],
      "pending": [],
      "skipped": [],
      "duration": 0,
      "root": true,
      "rootEmpty": true,
      "_timeout": 2000
    }
  ],
  "meta": {
    "mocha": {
      "version": "7.0.1"
    },
    "mochawesome": {
      "options": {
        "quiet": false,
        "reportFilename": "mochawesome",
        "saveHtml": false,
        "saveJson": true,
        "consoleReporter": "spec",
        "useInlineDiffs": false,
        "code": true
      },
      "version": "7.1.3"
    },
    "marge": {
      "options": {
        "overwrite": false,
        "html": false,
        "json": true,
        "reportDir": "cypress/reports/html/.jsons"
      },
      "version": "6.2.0"
    }
  }
}