{
  "stats": {
    "suites": 1,
    "tests": 2,
    "passes": 2,
    "pending": 0,
    "failures": 0,
    "start": "2023-08-04T13:59:18.849Z",
    "end": "2023-08-04T13:59:34.387Z",
    "duration": 15538,
    "testsRegistered": 2,
    "passPercent": 100,
    "pendingPercent": 0,
    "other": 0,
    "hasOther": false,
    "skipped": 0,
    "hasSkipped": false
  },
  "results": [
    {
      "uuid": "3d6af4da-aed1-4469-a494-b83b0c62edf9",
      "title": "",
      "fullFile": "cypress/e2e/addPermissions/addPerm-la-dfeAdmin-UserEmail.spec.js",
      "file": "cypress/e2e/addPermissions/addPerm-la-dfeAdmin-UserEmail.spec.js",
      "beforeHooks": [],
      "afterHooks": [],
      "tests": [],
      "suites": [
        {
          "uuid": "455309b8-a827-4267-95ae-174be12c0ddd",
          "title": "| addPerm-la-UserEmail | FHG-3387 DFE - add permissions - What is their email address?",
          "fullFile": "",
          "file": "",
          "beforeHooks": [],
          "afterHooks": [],
          "tests": [
            {
              "title": "AC 1,4 Page content ,valid email address,back button",
              "fullTitle": "| addPerm-la-UserEmail | FHG-3387 DFE - add permissions - What is their email address? AC 1,4 Page content ,valid email address,back button",
              "timedOut": null,
              "duration": 6029,
              "state": "passed",
              "speed": "medium",
              "pass": true,
              "fail": false,
              "pending": false,
              "context": "{\n  \"title\": \"cypress-mochawesome-reporter-videos-passed\",\n  \"value\": \"cypress/e2e/addPermissions/addPerm-la-dfeAdmin-UserEmail.spec.js\"\n}",
              "code": "cy.email(n + 'abcdef@def.com');\ncy.contains(\"What's their full name?\");\n// back button - takes user to email page\ncy.get('.govuk-back-link').click();\n// back button - takes user to LA page\ncy.get('.govuk-back-link').click();\ncy.laWhichLA('bristol');",
              "err": {},
              "uuid": "9b245691-12d2-4399-a6ed-07bc66c886e9",
              "parentUUID": "455309b8-a827-4267-95ae-174be12c0ddd",
              "isHook": false,
              "skipped": false
            },
            {
              "title": "AC 2,3 - no data entered , incorrect /invalid email address entered - error message",
              "fullTitle": "| addPerm-la-UserEmail | FHG-3387 DFE - add permissions - What is their email address? AC 2,3 - no data entered , incorrect /invalid email address entered - error message",
              "timedOut": null,
              "duration": 9467,
              "state": "passed",
              "speed": "medium",
              "pass": true,
              "fail": false,
              "pending": false,
              "context": "{\n  \"title\": \"cypress-mochawesome-reporter-videos-passed\",\n  \"value\": \"cypress/e2e/addPermissions/addPerm-la-dfeAdmin-UserEmail.spec.js\"\n}",
              "code": "// error message when user does not enter any email address\ncy.get('.govuk-button').click();\ncy.get('.govuk-error-summary').contains('There is a problem');\ncy.get('.govuk-error-summary').contains('Enter an email address');\nconst invalidEmails = ['test@', 'test123', '@abc.com'];\nfor (let i = 0; i < invalidEmails.length; i++) {\n  // user enters invalid email address\n  cy.email(`${invalidEmails[i]}`);\n  cy.get('.govuk-error-summary').contains('There is a problem');\n  cy.get('.govuk-error-summary').contains('Enter an email address');\n  // after error message , user is able to continue with entering correct details\n  cy.email(n + 'abcdef@def.com');\n  // back button - takes user to LA page\n  cy.get('.govuk-back-link').click();\n}\n// back button - takes user to LA page\ncy.get('.govuk-back-link').click();",
              "err": {},
              "uuid": "d1dc4b75-efbe-4b8d-8b91-8389fb3ed5dd",
              "parentUUID": "455309b8-a827-4267-95ae-174be12c0ddd",
              "isHook": false,
              "skipped": false
            }
          ],
          "suites": [],
          "passes": [
            "9b245691-12d2-4399-a6ed-07bc66c886e9",
            "d1dc4b75-efbe-4b8d-8b91-8389fb3ed5dd"
          ],
          "failures": [],
          "pending": [],
          "skipped": [],
          "duration": 15496,
          "root": false,
          "rootEmpty": false,
          "_timeout": 2000
        }
      ],
      "passes": [],
      "failures": [],
      "pending": [],
      "skipped": [],
      "duration": 0,
      "root": true,
      "rootEmpty": true,
      "_timeout": 2000
    }
  ],
  "meta": {
    "mocha": {
      "version": "7.0.1"
    },
    "mochawesome": {
      "options": {
        "quiet": false,
        "reportFilename": "mochawesome",
        "saveHtml": false,
        "saveJson": true,
        "consoleReporter": "spec",
        "useInlineDiffs": false,
        "code": true
      },
      "version": "7.1.3"
    },
    "marge": {
      "options": {
        "overwrite": false,
        "html": false,
        "json": true,
        "reportDir": "cypress/reports/html/.jsons"
      },
      "version": "6.2.0"
    }
  }
}