{
  "stats": {
    "suites": 1,
    "tests": 1,
    "passes": 1,
    "pending": 0,
    "failures": 0,
    "start": "2023-08-05T06:40:52.123Z",
    "end": "2023-08-05T06:41:12.615Z",
    "duration": 20492,
    "testsRegistered": 1,
    "passPercent": 100,
    "pendingPercent": 0,
    "other": 0,
    "hasOther": false,
    "skipped": 0,
    "hasSkipped": false
  },
  "results": [
    {
      "uuid": "2647f403-ff04-48d6-b286-878b45332d99",
      "title": "",
      "fullFile": "cypress/e2e/e2eTests/e2eTest002-dfeAdmin-addPerm-addVCSOrg.spec.js",
      "file": "cypress/e2e/e2eTests/e2eTest002-dfeAdmin-addPerm-addVCSOrg.spec.js",
      "beforeHooks": [],
      "afterHooks": [],
      "tests": [],
      "suites": [
        {
          "uuid": "a0656ec6-37d0-451f-a94c-41a9dd8ebd1f",
          "title": "|e2eTest002-addPerm-addVCSOrg | Add permissions - VCS Add Org confirmation page",
          "fullFile": "",
          "file": "",
          "beforeHooks": [],
          "afterHooks": [],
          "tests": [
            {
              "title": "e2e test add permissions - add vcs org if it doesnt exist",
              "fullTitle": "|e2eTest002-addPerm-addVCSOrg | Add permissions - VCS Add Org confirmation page e2e test add permissions - add vcs org if it doesnt exist",
              "timedOut": null,
              "duration": 20335,
              "state": "passed",
              "speed": "slow",
              "pass": true,
              "fail": false,
              "pending": false,
              "context": "{\n  \"title\": \"cypress-mochawesome-reporter-videos-passed\",\n  \"value\": \"cypress/e2e/e2eTests/e2eTest002-dfeAdmin-addPerm-addVCSOrg.spec.js\"\n}",
              "code": "cy.visit('/');\n//// cy.startPage()\n// // cy.stubLogin('dfeAdmin')\ncy.dfeAdminWelcomePage();\ncy.addPermissions();\ncy.typeOfUserPage('vcs');\ncy.typeOfUserVCS('both');\ncy.vcsWhichLA('redbridge');\ncy.contains('Which organisation do they work for?');\n// add org link\ncy.addOrgLink();\n// add organisation name page\ncy.addOrgVcs(n + '+VCS Organisation name');\ncy.contains(n + '+VCS Organisation name');\n// continue\ncy.checkDetailsPage();\ncy.addVcsOrgConfirmation();\n// add permissions using this newly added VCS organisation \ncy.addPermissions();\ncy.typeOfUserPage('vcs');\ncy.typeOfUserVCS('1');\ncy.vcsWhichLA('redbridge');\ncy.whichOrgVcs(n + '+VCS Organisation name');\ncy.email(n + '-abcdef@def.com');\ncy.fullName('John Paul Smith');\ncy.checkAnswerPage();\ncy.confirmationPage('John Paul Smith');",
              "err": {},
              "uuid": "a2f656ed-47fb-489f-9600-d0a340259aac",
              "parentUUID": "a0656ec6-37d0-451f-a94c-41a9dd8ebd1f",
              "isHook": false,
              "skipped": false
            }
          ],
          "suites": [],
          "passes": [
            "a2f656ed-47fb-489f-9600-d0a340259aac"
          ],
          "failures": [],
          "pending": [],
          "skipped": [],
          "duration": 20335,
          "root": false,
          "rootEmpty": false,
          "_timeout": 2000
        }
      ],
      "passes": [],
      "failures": [],
      "pending": [],
      "skipped": [],
      "duration": 0,
      "root": true,
      "rootEmpty": true,
      "_timeout": 2000
    }
  ],
  "meta": {
    "mocha": {
      "version": "7.0.1"
    },
    "mochawesome": {
      "options": {
        "quiet": false,
        "reportFilename": "mochawesome",
        "saveHtml": false,
        "saveJson": true,
        "consoleReporter": "spec",
        "useInlineDiffs": false,
        "code": true
      },
      "version": "7.1.3"
    },
    "marge": {
      "options": {
        "overwrite": false,
        "html": false,
        "json": true,
        "reportDir": "cypress/reports/html/.jsons"
      },
      "version": "6.2.0"
    }
  }
}