{
  "stats": {
    "suites": 1,
    "tests": 2,
    "passes": 2,
    "pending": 0,
    "failures": 0,
    "start": "2023-08-05T06:33:37.412Z",
    "end": "2023-08-05T06:33:57.831Z",
    "duration": 20419,
    "testsRegistered": 2,
    "passPercent": 100,
    "pendingPercent": 0,
    "other": 0,
    "hasOther": false,
    "skipped": 0,
    "hasSkipped": false
  },
  "results": [
    {
      "uuid": "14f99391-45ed-4768-a8d0-78a537f7882e",
      "title": "",
      "fullFile": "cypress/e2e/addPermissions/addPerm-la-dfeAdmin-UserName.spec.js",
      "file": "cypress/e2e/addPermissions/addPerm-la-dfeAdmin-UserName.spec.js",
      "beforeHooks": [],
      "afterHooks": [],
      "tests": [],
      "suites": [
        {
          "uuid": "5bcd0f90-e8be-4b7f-9e78-88bbab57fb10",
          "title": "| addPerm-la-UserName | FHG-3389 DFE - add permissions - What's their full name?",
          "fullFile": "",
          "file": "",
          "beforeHooks": [],
          "afterHooks": [],
          "tests": [
            {
              "title": "AC 1, 3 - validate page content , back link ",
              "fullTitle": "| addPerm-la-UserName | FHG-3389 DFE - add permissions - What's their full name? AC 1, 3 - validate page content , back link ",
              "timedOut": null,
              "duration": 14562,
              "state": "passed",
              "speed": "slow",
              "pass": true,
              "fail": false,
              "pending": false,
              "context": "{\n  \"title\": \"cypress-mochawesome-reporter-videos-passed\",\n  \"value\": \"cypress/e2e/addPermissions/addPerm-la-dfeAdmin-UserName.spec.js\"\n}",
              "code": "cy.fullName('John Smith');\ncy.contains('Check account details');\n// back button - takes user to user name page\ncy.get('.govuk-back-link').click();\n// back button - takes user to email page\ncy.get('.govuk-back-link').click();\ncy.email('abc@def.com');\n// entering more than 256 characters\nconst longName = ['AAAAAAAAAAAAAAAAAAAAAAAAAAAAAAAAAAAAAAAAAAAAAAAAAAAAAAAAAAAAAAAAAAAAAAAAAAAAAAAAAAAAAAAAAAAAAAAAAAAAAAAAAAAAAAAAAAAAAAAAAAAAAAAAAAAAAAAAAAAAAAAAAAAAAAAAAAAAAAAAAAAAAAAAAAAAAAAAAAAAAAAAAAAAAAAAAAAAAAAAAAAAAAAAAAAAAAAAAAAAAAAAAAAAAAAAAAAAAAAAAAAAAAAAAAAAAAA'];\ncy.fullName(`${longName}`);\ncy.contains(`${longName}`);",
              "err": {},
              "uuid": "6a6934d0-0809-4494-ac0c-5be5270a8835",
              "parentUUID": "5bcd0f90-e8be-4b7f-9e78-88bbab57fb10",
              "isHook": false,
              "skipped": false
            },
            {
              "title": "AC 2 - no name entered - error message",
              "fullTitle": "| addPerm-la-UserName | FHG-3389 DFE - add permissions - What's their full name? AC 2 - no name entered - error message",
              "timedOut": null,
              "duration": 5788,
              "state": "passed",
              "speed": "medium",
              "pass": true,
              "fail": false,
              "pending": false,
              "context": "{\n  \"title\": \"cypress-mochawesome-reporter-videos-passed\",\n  \"value\": \"cypress/e2e/addPermissions/addPerm-la-dfeAdmin-UserName.spec.js\"\n}",
              "code": "cy.get('.govuk-button').click();\ncy.get('.govuk-error-summary').contains('There is a problem');\ncy.get('.govuk-error-summary').contains('Enter a name');\n// user is able to enter valid name after error message \ncy.fullName('John Smith');",
              "err": {},
              "uuid": "c539bd01-64f3-42cc-aa3b-1166b0066e35",
              "parentUUID": "5bcd0f90-e8be-4b7f-9e78-88bbab57fb10",
              "isHook": false,
              "skipped": false
            }
          ],
          "suites": [],
          "passes": [
            "6a6934d0-0809-4494-ac0c-5be5270a8835",
            "c539bd01-64f3-42cc-aa3b-1166b0066e35"
          ],
          "failures": [],
          "pending": [],
          "skipped": [],
          "duration": 20350,
          "root": false,
          "rootEmpty": false,
          "_timeout": 2000
        }
      ],
      "passes": [],
      "failures": [],
      "pending": [],
      "skipped": [],
      "duration": 0,
      "root": true,
      "rootEmpty": true,
      "_timeout": 2000
    }
  ],
  "meta": {
    "mocha": {
      "version": "7.0.1"
    },
    "mochawesome": {
      "options": {
        "quiet": false,
        "reportFilename": "mochawesome",
        "saveHtml": false,
        "saveJson": true,
        "consoleReporter": "spec",
        "useInlineDiffs": false,
        "code": true
      },
      "version": "7.1.3"
    },
    "marge": {
      "options": {
        "overwrite": false,
        "html": false,
        "json": true,
        "reportDir": "cypress/reports/html/.jsons"
      },
      "version": "6.2.0"
    }
  }
}