{
  "stats": {
    "suites": 1,
    "tests": 2,
    "passes": 0,
    "pending": 0,
    "failures": 2,
    "start": "2023-08-05T06:31:23.413Z",
    "end": "2023-08-05T06:31:56.022Z",
    "duration": 32609,
    "testsRegistered": 2,
    "passPercent": 0,
    "pendingPercent": 0,
    "other": 0,
    "hasOther": false,
    "skipped": 0,
    "hasSkipped": false
  },
  "results": [
    {
      "uuid": "6efb1b2b-ef51-41f0-8d6c-c5b1b2c657ea",
      "title": "",
      "fullFile": "cypress/e2e/addPermissions/addPerm-LAMan-homepage.spec.js",
      "file": "cypress/e2e/addPermissions/addPerm-LAMan-homepage.spec.js",
      "beforeHooks": [],
      "afterHooks": [],
      "tests": [],
      "suites": [
        {
          "uuid": "ccc7e5f8-4c72-46b8-b81d-a7408c01af89",
          "title": "| addPerm-LAMan-homepage | FHG-1699 LA manager - Home page",
          "fullFile": "",
          "file": "",
          "beforeHooks": [],
          "afterHooks": [],
          "tests": [
            {
              "title": "AC 1,11 - LA Manager logged in homepage validate content",
              "fullTitle": "| addPerm-LAMan-homepage | FHG-1699 LA manager - Home page AC 1,11 - LA Manager logged in homepage validate content",
              "timedOut": null,
              "duration": 16418,
              "state": "failed",
              "speed": null,
              "pass": false,
              "fail": true,
              "pending": false,
              "context": "[\n  {\n    \"title\": \"cypress-mochawesome-reporter-videos-failed\",\n    \"value\": \"cypress/e2e/addPermissions/addPerm-LAMan-homepage.spec.js\"\n  },\n  {\n    \"title\": \"cypress-mochawesome-reporter-screenshots\",\n    \"value\": [\n      [\n        \"/addPermissions/addPerm-LAMan-homepage.spec.js/ addPerm-LAMan-homepage  FHG-1699 LA manager - Home page -- AC 1,11 - LA Manager logged in homepage validate content (failed).png\"\n      ]\n    ]\n  }\n]",
              "code": "cy.visit('/');\n// validate page content \n// name of person logged in \ncy.LAManWelcomePage('London Borough of Redbridge');",
              "err": {
                "message": "AssertionError: Timed out retrying after 15000ms: Expected to find content: 'London Borough of Redbridge' within the element: <div.govuk-grid-column-two-thirds> but never did.",
                "estack": "AssertionError: Timed out retrying after 15000ms: Expected to find content: 'London Borough of Redbridge' within the element: <div.govuk-grid-column-two-thirds> but never did.\n    at Context.eval (webpack:///./cypress/support/commands.js:73:44)",
                "diff": null
              },
              "uuid": "faec99d6-9f46-46d8-8ecb-486540a215a2",
              "parentUUID": "ccc7e5f8-4c72-46b8-b81d-a7408c01af89",
              "isHook": false,
              "skipped": false
            },
            {
              "title": "AC 2,3,4,5,6,7,8,9 -page links",
              "fullTitle": "| addPerm-LAMan-homepage | FHG-1699 LA manager - Home page AC 2,3,4,5,6,7,8,9 -page links",
              "timedOut": null,
              "duration": 16086,
              "state": "failed",
              "speed": null,
              "pass": false,
              "fail": true,
              "pending": false,
              "context": "[\n  {\n    \"title\": \"cypress-mochawesome-reporter-videos-failed\",\n    \"value\": \"cypress/e2e/addPermissions/addPerm-LAMan-homepage.spec.js\"\n  },\n  {\n    \"title\": \"cypress-mochawesome-reporter-screenshots\",\n    \"value\": [\n      [\n        \"/addPermissions/addPerm-LAMan-homepage.spec.js/ addPerm-LAMan-homepage  FHG-1699 LA manager - Home page -- AC 2,3,4,5,6,7,8,9 -page links (failed).png\"\n      ]\n    ]\n  }\n]",
              "code": "cy.visit('/');\ncy.LAManWelcomePage('London Borough of Redbridge');\ncy.contains('Add permissions').click();\ncy.get('.govuk-back-link').click();\ncy.contains('Manage permissions').click();\ncy.get('.govuk-back-link').click();\ncy.contains('Add an LA service').click();\ncy.go(-1);\ncy.contains('Manage LA services').click();\ncy.go(-1);\ncy.contains('Add a family hub').click();\ncy.go(-1);\ncy.contains('Manage family hubs').click();\ncy.go(-1);\ncy.contains('Add an organisation').click();\ncy.get('.govuk-back-link').click();\ncy.contains('Manage organisations').click();\ncy.get('.govuk-back-link').click();",
              "err": {
                "message": "AssertionError: Timed out retrying after 15000ms: Expected to find content: 'London Borough of Redbridge' within the element: <div.govuk-grid-column-two-thirds> but never did.",
                "estack": "AssertionError: Timed out retrying after 15000ms: Expected to find content: 'London Borough of Redbridge' within the element: <div.govuk-grid-column-two-thirds> but never did.\n    at Context.eval (webpack:///./cypress/support/commands.js:73:44)",
                "diff": null
              },
              "uuid": "6c594fa9-ed1e-41f6-9528-4345bdc07d81",
              "parentUUID": "ccc7e5f8-4c72-46b8-b81d-a7408c01af89",
              "isHook": false,
              "skipped": false
            }
          ],
          "suites": [],
          "passes": [],
          "failures": [
            "faec99d6-9f46-46d8-8ecb-486540a215a2",
            "6c594fa9-ed1e-41f6-9528-4345bdc07d81"
          ],
          "pending": [],
          "skipped": [],
          "duration": 32504,
          "root": false,
          "rootEmpty": false,
          "_timeout": 2000
        }
      ],
      "passes": [],
      "failures": [],
      "pending": [],
      "skipped": [],
      "duration": 0,
      "root": true,
      "rootEmpty": true,
      "_timeout": 2000
    }
  ],
  "meta": {
    "mocha": {
      "version": "7.0.1"
    },
    "mochawesome": {
      "options": {
        "quiet": false,
        "reportFilename": "mochawesome",
        "saveHtml": false,
        "saveJson": true,
        "consoleReporter": "spec",
        "useInlineDiffs": false,
        "code": true
      },
      "version": "7.1.3"
    },
    "marge": {
      "options": {
        "overwrite": false,
        "html": false,
        "json": true,
        "reportDir": "cypress/reports/html/.jsons"
      },
      "version": "6.2.0"
    }
  }
}