{
  "stats": {
    "suites": 1,
    "tests": 1,
    "passes": 1,
    "pending": 0,
    "failures": 0,
    "start": "2023-08-05T06:30:52.142Z",
    "end": "2023-08-05T06:31:16.502Z",
    "duration": 24360,
    "testsRegistered": 1,
    "passPercent": 100,
    "pendingPercent": 0,
    "other": 0,
    "hasOther": false,
    "skipped": 0,
    "hasSkipped": false
  },
  "results": [
    {
      "uuid": "cec1bafc-0539-4102-b00d-81be19fe9b9b",
      "title": "",
      "fullFile": "cypress/e2e/001test.spec.js",
      "file": "cypress/e2e/001test.spec.js",
      "beforeHooks": [],
      "afterHooks": [],
      "tests": [],
      "suites": [
        {
          "uuid": "ba72187f-fd5e-4c70-9f4d-4bba5274848b",
          "title": "Login - Integration + One login",
          "fullFile": "",
          "file": "",
          "beforeHooks": [],
          "afterHooks": [],
          "tests": [
            {
              "title": "test ",
              "fullTitle": "Login - Integration + One login test ",
              "timedOut": null,
              "duration": 21172,
              "state": "passed",
              "speed": "slow",
              "pass": true,
              "fail": false,
              "pending": false,
              "context": "{\n  \"title\": \"cypress-mochawesome-reporter-videos-passed\",\n  \"value\": \"cypress/e2e/001test.spec.js\"\n}",
              "code": "cy.visit('/');\ncy.dfeAdminWelcomePage();\ncy.addPermissions();",
              "err": {},
              "uuid": "333422bd-d842-4c0d-8f32-1e620ad5d507",
              "parentUUID": "ba72187f-fd5e-4c70-9f4d-4bba5274848b",
              "isHook": false,
              "skipped": false
            }
          ],
          "suites": [],
          "passes": [
            "333422bd-d842-4c0d-8f32-1e620ad5d507"
          ],
          "failures": [],
          "pending": [],
          "skipped": [],
          "duration": 21172,
          "root": false,
          "rootEmpty": false,
          "_timeout": 2000
        }
      ],
      "passes": [],
      "failures": [],
      "pending": [],
      "skipped": [],
      "duration": 0,
      "root": true,
      "rootEmpty": true,
      "_timeout": 2000
    }
  ],
  "meta": {
    "mocha": {
      "version": "7.0.1"
    },
    "mochawesome": {
      "options": {
        "quiet": false,
        "reportFilename": "mochawesome",
        "saveHtml": false,
        "saveJson": true,
        "consoleReporter": "spec",
        "useInlineDiffs": false,
        "code": true
      },
      "version": "7.1.3"
    },
    "marge": {
      "options": {
        "overwrite": false,
        "html": false,
        "json": true,
        "reportDir": "cypress/reports/html/.jsons"
      },
      "version": "6.2.0"
    }
  }
}