{
  "stats": {
    "suites": 1,
    "tests": 1,
    "passes": 1,
    "pending": 0,
    "failures": 0,
    "start": "2023-08-05T06:42:43.209Z",
    "end": "2023-08-05T06:42:44.891Z",
    "duration": 1682,
    "testsRegistered": 1,
    "passPercent": 100,
    "pendingPercent": 0,
    "other": 0,
    "hasOther": false,
    "skipped": 0,
    "hasSkipped": false
  },
  "results": [
    {
      "uuid": "447b3086-7284-4888-8bcc-cac3a5da6e1b",
      "title": "",
      "fullFile": "cypress/e2e/managePermissions/manPerm-dfeAdmin-ConfirmPage.spec.js",
      "file": "cypress/e2e/managePermissions/manPerm-dfeAdmin-ConfirmPage.spec.js",
      "beforeHooks": [],
      "afterHooks": [],
      "tests": [],
      "suites": [
        {
          "uuid": "b9a9603a-3943-43fc-b6de-43d6e7826176",
          "title": "| manPerm-ConfirmPage | FHG-3716 DFE Admin - Manage Permission (Permissions changed confirmation page) ",
          "fullFile": "",
          "file": "",
          "beforeHooks": [],
          "afterHooks": [],
          "tests": [
            {
              "title": "AC 1 ",
              "fullTitle": "| manPerm-ConfirmPage | FHG-3716 DFE Admin - Manage Permission (Permissions changed confirmation page)  AC 1 ",
              "timedOut": null,
              "duration": 1658,
              "state": "passed",
              "speed": "fast",
              "pass": true,
              "fail": false,
              "pending": false,
              "context": "{\n  \"title\": \"cypress-mochawesome-reporter-videos-passed\",\n  \"value\": \"cypress/e2e/managePermissions/manPerm-dfeAdmin-ConfirmPage.spec.js\"\n}",
              "code": "",
              "err": {},
              "uuid": "e5353dfe-e171-4b9a-943e-cf1b6b80134f",
              "parentUUID": "b9a9603a-3943-43fc-b6de-43d6e7826176",
              "isHook": false,
              "skipped": false
            }
          ],
          "suites": [],
          "passes": [
            "e5353dfe-e171-4b9a-943e-cf1b6b80134f"
          ],
          "failures": [],
          "pending": [],
          "skipped": [],
          "duration": 1658,
          "root": false,
          "rootEmpty": false,
          "_timeout": 2000
        }
      ],
      "passes": [],
      "failures": [],
      "pending": [],
      "skipped": [],
      "duration": 0,
      "root": true,
      "rootEmpty": true,
      "_timeout": 2000
    }
  ],
  "meta": {
    "mocha": {
      "version": "7.0.1"
    },
    "mochawesome": {
      "options": {
        "quiet": false,
        "reportFilename": "mochawesome",
        "saveHtml": false,
        "saveJson": true,
        "consoleReporter": "spec",
        "useInlineDiffs": false,
        "code": true
      },
      "version": "7.1.3"
    },
    "marge": {
      "options": {
        "overwrite": false,
        "html": false,
        "json": true,
        "reportDir": "cypress/reports/html/.jsons"
      },
      "version": "6.2.0"
    }
  }
}