{
  "stats": {
    "suites": 1,
    "tests": 2,
    "passes": 2,
    "pending": 0,
    "failures": 0,
    "start": "2023-08-05T06:37:04.695Z",
    "end": "2023-08-05T06:37:26.879Z",
    "duration": 22184,
    "testsRegistered": 2,
    "passPercent": 100,
    "pendingPercent": 0,
    "other": 0,
    "hasOther": false,
    "skipped": 0,
    "hasSkipped": false
  },
  "results": [
    {
      "uuid": "0b84a5b5-3eda-46f8-b1c8-ed0509f61aa7",
      "title": "",
      "fullFile": "cypress/e2e/addPermissions/addPerm-vcs-dfeAdmin-UserName.spec.js",
      "file": "cypress/e2e/addPermissions/addPerm-vcs-dfeAdmin-UserName.spec.js",
      "beforeHooks": [],
      "afterHooks": [],
      "tests": [],
      "suites": [
        {
          "uuid": "96786dd9-682b-4204-aff3-b08ab8a73557",
          "title": "| addPerm-vcs-UserName | FHG-3578 DFE - add permissions - What's their full name?",
          "fullFile": "",
          "file": "",
          "beforeHooks": [],
          "afterHooks": [],
          "tests": [
            {
              "title": "AC 1, 3 - validate page content , back link ",
              "fullTitle": "| addPerm-vcs-UserName | FHG-3578 DFE - add permissions - What's their full name? AC 1, 3 - validate page content , back link ",
              "timedOut": null,
              "duration": 14663,
              "state": "passed",
              "speed": "slow",
              "pass": true,
              "fail": false,
              "pending": false,
              "context": "{\n  \"title\": \"cypress-mochawesome-reporter-videos-passed\",\n  \"value\": \"cypress/e2e/addPermissions/addPerm-vcs-dfeAdmin-UserName.spec.js\"\n}",
              "code": "cy.fullName('John Smith');\ncy.contains('Check account details');\n// back button - takes user to user name page\ncy.get('.govuk-back-link').click();\n// back button - takes user to email page\ncy.get('.govuk-back-link').click();\ncy.email('abc@def.com');\n// entering more than 256 characters\nconst longName = ['AAAAAAAAAAAAAAAAAAAAAAAAAAAAAAAAAAAAAAAAAAAAAAAAAAAAAAAAAAAAAAAAAAAAAAAAAAAAAAAAAAAAAAAAAAAAAAAAAAAAAAAAAAAAAAAAAAAAAAAAAAAAAAAAAAAAAAAAAAAAAAAAAAAAAAAAAAAAAAAAAAAAAAAAAAAAAAAAAAAAAAAAAAAAAAAAAAAAAAAAAAAAAAAAAAAAAAAAAAAAAAAAAAAAAAAAAAAAAAAAAAAAAAAAAAAAAAA'];\ncy.fullName(`${longName}`);\ncy.contains(`${longName}`);",
              "err": {},
              "uuid": "4c68a58b-6dc3-4e59-8a77-3f8d998eee40",
              "parentUUID": "96786dd9-682b-4204-aff3-b08ab8a73557",
              "isHook": false,
              "skipped": false
            },
            {
              "title": "AC 2 - no name entered - error message",
              "fullTitle": "| addPerm-vcs-UserName | FHG-3578 DFE - add permissions - What's their full name? AC 2 - no name entered - error message",
              "timedOut": null,
              "duration": 7463,
              "state": "passed",
              "speed": "medium",
              "pass": true,
              "fail": false,
              "pending": false,
              "context": "{\n  \"title\": \"cypress-mochawesome-reporter-videos-passed\",\n  \"value\": \"cypress/e2e/addPermissions/addPerm-vcs-dfeAdmin-UserName.spec.js\"\n}",
              "code": "cy.get('.govuk-button').click();\ncy.get('.govuk-error-summary').contains('There is a problem');\ncy.get('.govuk-error-summary').contains('Enter a name');\n// user is able to enter valid name after error message \ncy.fullName('John Smith');",
              "err": {},
              "uuid": "ee017aae-7d76-4630-81ba-129a45c60bac",
              "parentUUID": "96786dd9-682b-4204-aff3-b08ab8a73557",
              "isHook": false,
              "skipped": false
            }
          ],
          "suites": [],
          "passes": [
            "4c68a58b-6dc3-4e59-8a77-3f8d998eee40",
            "ee017aae-7d76-4630-81ba-129a45c60bac"
          ],
          "failures": [],
          "pending": [],
          "skipped": [],
          "duration": 22126,
          "root": false,
          "rootEmpty": false,
          "_timeout": 2000
        }
      ],
      "passes": [],
      "failures": [],
      "pending": [],
      "skipped": [],
      "duration": 0,
      "root": true,
      "rootEmpty": true,
      "_timeout": 2000
    }
  ],
  "meta": {
    "mocha": {
      "version": "7.0.1"
    },
    "mochawesome": {
      "options": {
        "quiet": false,
        "reportFilename": "mochawesome",
        "saveHtml": false,
        "saveJson": true,
        "consoleReporter": "spec",
        "useInlineDiffs": false,
        "code": true
      },
      "version": "7.1.3"
    },
    "marge": {
      "options": {
        "overwrite": false,
        "html": false,
        "json": true,
        "reportDir": "cypress/reports/html/.jsons"
      },
      "version": "6.2.0"
    }
  }
}